c000  4c f5 c5 JMP $c5f5 = a2                  A:00 X:00 Y:00 P:24 SP:fd  STACK: 00 00
c5f5  a2 00    LDX #$00                        A:00 X:00 Y:00 P:24 SP:fd  STACK: 00 00
c5f7  86 00    STX $00 = 00                    A:00 X:00 Y:00 P:26 SP:fd  STACK: 00 00
c5f9  86 10    STX $10 = 00                    A:00 X:00 Y:00 P:26 SP:fd  STACK: 00 00
c5fb  86 11    STX $11 = 00                    A:00 X:00 Y:00 P:26 SP:fd  STACK: 00 00
c5fd  20 2d c7 JSR $c72d = ea                  A:00 X:00 Y:00 P:26 SP:fd  STACK: 00 00
c72d  ea       NOP                             A:00 X:00 Y:00 P:26 SP:fb  STACK: 00 00 c5 ff
c72e  38       SEC                             A:00 X:00 Y:00 P:26 SP:fb  STACK: 00 00 c5 ff
c72f  b0 04    BCS $c735                       A:00 X:00 Y:00 P:27 SP:fb  STACK: 00 00 c5 ff
c735  ea       NOP                             A:00 X:00 Y:00 P:27 SP:fb  STACK: 00 00 c5 ff
c736  18       CLC                             A:00 X:00 Y:00 P:27 SP:fb  STACK: 00 00 c5 ff
c737  b0 03    BCS $c73c                       A:00 X:00 Y:00 P:26 SP:fb  STACK: 00 00 c5 ff
c739  4c 40 c7 JMP $c740 = ea                  A:00 X:00 Y:00 P:26 SP:fb  STACK: 00 00 c5 ff
c740  ea       NOP                             A:00 X:00 Y:00 P:26 SP:fb  STACK: 00 00 c5 ff
c741  38       SEC                             A:00 X:00 Y:00 P:26 SP:fb  STACK: 00 00 c5 ff
c742  90 03    BCC $c747                       A:00 X:00 Y:00 P:27 SP:fb  STACK: 00 00 c5 ff
c744  4c 4b c7 JMP $c74b = ea                  A:00 X:00 Y:00 P:27 SP:fb  STACK: 00 00 c5 ff
c74b  ea       NOP                             A:00 X:00 Y:00 P:27 SP:fb  STACK: 00 00 c5 ff
c74c  18       CLC                             A:00 X:00 Y:00 P:27 SP:fb  STACK: 00 00 c5 ff
c74d  90 04    BCC $c753                       A:00 X:00 Y:00 P:26 SP:fb  STACK: 00 00 c5 ff
c753  ea       NOP                             A:00 X:00 Y:00 P:26 SP:fb  STACK: 00 00 c5 ff
c754  a9 00    LDA #$00                        A:00 X:00 Y:00 P:26 SP:fb  STACK: 00 00 c5 ff
c756  f0 04    BEQ $c75c                       A:00 X:00 Y:00 P:26 SP:fb  STACK: 00 00 c5 ff
c75c  ea       NOP                             A:00 X:00 Y:00 P:26 SP:fb  STACK: 00 00 c5 ff
c75d  a9 40    LDA #$40                        A:00 X:00 Y:00 P:26 SP:fb  STACK: 00 00 c5 ff
c75f  f0 03    BEQ $c764                       A:40 X:00 Y:00 P:24 SP:fb  STACK: 00 00 c5 ff
c761  4c 68 c7 JMP $c768 = ea                  A:40 X:00 Y:00 P:24 SP:fb  STACK: 00 00 c5 ff
c768  ea       NOP                             A:40 X:00 Y:00 P:24 SP:fb  STACK: 00 00 c5 ff
c769  a9 40    LDA #$40                        A:40 X:00 Y:00 P:24 SP:fb  STACK: 00 00 c5 ff
c76b  d0 04    BNE $c771                       A:40 X:00 Y:00 P:24 SP:fb  STACK: 00 00 c5 ff
c771  ea       NOP                             A:40 X:00 Y:00 P:24 SP:fb  STACK: 00 00 c5 ff
c772  a9 00    LDA #$00                        A:40 X:00 Y:00 P:24 SP:fb  STACK: 00 00 c5 ff
c774  d0 03    BNE $c779                       A:00 X:00 Y:00 P:26 SP:fb  STACK: 00 00 c5 ff
c776  4c 7d c7 JMP $c77d = ea                  A:00 X:00 Y:00 P:26 SP:fb  STACK: 00 00 c5 ff
c77d  ea       NOP                             A:00 X:00 Y:00 P:26 SP:fb  STACK: 00 00 c5 ff
c77e  a9 ff    LDA #$ff                        A:00 X:00 Y:00 P:26 SP:fb  STACK: 00 00 c5 ff
c780  85 01    STA $01 = 00                    A:ff X:00 Y:00 P:a4 SP:fb  STACK: 00 00 c5 ff
c782  24 01    BIT $01 = ff                    A:ff X:00 Y:00 P:a4 SP:fb  STACK: 00 00 c5 ff
c784  70 04    BVS $c78a                       A:ff X:00 Y:00 P:e4 SP:fb  STACK: 00 00 c5 ff
c78a  ea       NOP                             A:ff X:00 Y:00 P:e4 SP:fb  STACK: 00 00 c5 ff
c78b  24 01    BIT $01 = ff                    A:ff X:00 Y:00 P:e4 SP:fb  STACK: 00 00 c5 ff
c78d  50 03    BVC $c792                       A:ff X:00 Y:00 P:e4 SP:fb  STACK: 00 00 c5 ff
c78f  4c 96 c7 JMP $c796 = ea                  A:ff X:00 Y:00 P:e4 SP:fb  STACK: 00 00 c5 ff
c796  ea       NOP                             A:ff X:00 Y:00 P:e4 SP:fb  STACK: 00 00 c5 ff
c797  a9 00    LDA #$00                        A:ff X:00 Y:00 P:e4 SP:fb  STACK: 00 00 c5 ff
c799  85 01    STA $01 = ff                    A:00 X:00 Y:00 P:66 SP:fb  STACK: 00 00 c5 ff
c79b  24 01    BIT $01 = 00                    A:00 X:00 Y:00 P:66 SP:fb  STACK: 00 00 c5 ff
c79d  50 04    BVC $c7a3                       A:00 X:00 Y:00 P:26 SP:fb  STACK: 00 00 c5 ff
c7a3  ea       NOP                             A:00 X:00 Y:00 P:26 SP:fb  STACK: 00 00 c5 ff
c7a4  24 01    BIT $01 = 00                    A:00 X:00 Y:00 P:26 SP:fb  STACK: 00 00 c5 ff
c7a6  70 03    BVS $c7ab                       A:00 X:00 Y:00 P:26 SP:fb  STACK: 00 00 c5 ff
c7a8  4c af c7 JMP $c7af = ea                  A:00 X:00 Y:00 P:26 SP:fb  STACK: 00 00 c5 ff
c7af  ea       NOP                             A:00 X:00 Y:00 P:26 SP:fb  STACK: 00 00 c5 ff
c7b0  a9 00    LDA #$00                        A:00 X:00 Y:00 P:26 SP:fb  STACK: 00 00 c5 ff
c7b2  10 04    BPL $c7b8                       A:00 X:00 Y:00 P:26 SP:fb  STACK: 00 00 c5 ff
c7b8  ea       NOP                             A:00 X:00 Y:00 P:26 SP:fb  STACK: 00 00 c5 ff
c7b9  a9 80    LDA #$80                        A:00 X:00 Y:00 P:26 SP:fb  STACK: 00 00 c5 ff
c7bb  10 03    BPL $c7c0                       A:80 X:00 Y:00 P:a4 SP:fb  STACK: 00 00 c5 ff
c7bd  4c d9 c7 JMP $c7d9 = ea                  A:80 X:00 Y:00 P:a4 SP:fb  STACK: 00 00 c5 ff
c7d9  ea       NOP                             A:80 X:00 Y:00 P:a4 SP:fb  STACK: 00 00 c5 ff
c7da  60       RTS                             A:80 X:00 Y:00 P:a4 SP:fb  STACK: 00 00 c5 ff
c600  20 db c7 JSR $c7db = ea                  A:80 X:00 Y:00 P:a4 SP:fd  STACK: 00 00
c7db  ea       NOP                             A:80 X:00 Y:00 P:a4 SP:fb  STACK: 00 00 c6 02
c7dc  a9 ff    LDA #$ff                        A:80 X:00 Y:00 P:a4 SP:fb  STACK: 00 00 c6 02
c7de  85 01    STA $01 = 00                    A:ff X:00 Y:00 P:a4 SP:fb  STACK: 00 00 c6 02
c7e0  24 01    BIT $01 = ff                    A:ff X:00 Y:00 P:a4 SP:fb  STACK: 00 00 c6 02
c7e2  a9 00    LDA #$00                        A:ff X:00 Y:00 P:e4 SP:fb  STACK: 00 00 c6 02
c7e4  38       SEC                             A:00 X:00 Y:00 P:66 SP:fb  STACK: 00 00 c6 02
c7e5  78       SEI                             A:00 X:00 Y:00 P:67 SP:fb  STACK: 00 00 c6 02
c7e6  f8       SED                             A:00 X:00 Y:00 P:67 SP:fb  STACK: 00 00 c6 02
c7e7  08       PHP                             A:00 X:00 Y:00 P:6f SP:fb  STACK: 00 00 c6 02
c7e8  68       PLA                             A:00 X:00 Y:00 P:6f SP:fa  STACK: 00 00 c6 02 6f
c7e9  29 ef    AND #$ef                        A:6f X:00 Y:00 P:6d SP:fb  STACK: 00 00 c6 02
c7eb  c9 6f    CMP #$6f                        A:6f X:00 Y:00 P:6d SP:fb  STACK: 00 00 c6 02
c7ed  f0 04    BEQ $c7f3                       A:6f X:00 Y:00 P:6f SP:fb  STACK: 00 00 c6 02
c7f3  ea       NOP                             A:6f X:00 Y:00 P:6f SP:fb  STACK: 00 00 c6 02
c7f4  a9 40    LDA #$40                        A:6f X:00 Y:00 P:6f SP:fb  STACK: 00 00 c6 02
c7f6  85 01    STA $01 = ff                    A:40 X:00 Y:00 P:6d SP:fb  STACK: 00 00 c6 02
c7f8  24 01    BIT $01 = 40                    A:40 X:00 Y:00 P:6d SP:fb  STACK: 00 00 c6 02
c7fa  d8       CLD                             A:40 X:00 Y:00 P:6d SP:fb  STACK: 00 00 c6 02
c7fb  a9 10    LDA #$10                        A:40 X:00 Y:00 P:65 SP:fb  STACK: 00 00 c6 02
c7fd  18       CLC                             A:10 X:00 Y:00 P:65 SP:fb  STACK: 00 00 c6 02
c7fe  08       PHP                             A:10 X:00 Y:00 P:64 SP:fb  STACK: 00 00 c6 02
c7ff  68       PLA                             A:10 X:00 Y:00 P:64 SP:fa  STACK: 00 00 c6 02 64
c800  29 ef    AND #$ef                        A:64 X:00 Y:00 P:64 SP:fb  STACK: 00 00 c6 02
c802  c9 64    CMP #$64                        A:64 X:00 Y:00 P:64 SP:fb  STACK: 00 00 c6 02
c804  f0 04    BEQ $c80a                       A:64 X:00 Y:00 P:67 SP:fb  STACK: 00 00 c6 02
c80a  ea       NOP                             A:64 X:00 Y:00 P:67 SP:fb  STACK: 00 00 c6 02
c80b  a9 80    LDA #$80                        A:64 X:00 Y:00 P:67 SP:fb  STACK: 00 00 c6 02
c80d  85 01    STA $01 = 40                    A:80 X:00 Y:00 P:e5 SP:fb  STACK: 00 00 c6 02
c80f  24 01    BIT $01 = 80                    A:80 X:00 Y:00 P:e5 SP:fb  STACK: 00 00 c6 02
c811  f8       SED                             A:80 X:00 Y:00 P:a5 SP:fb  STACK: 00 00 c6 02
c812  a9 00    LDA #$00                        A:80 X:00 Y:00 P:ad SP:fb  STACK: 00 00 c6 02
c814  38       SEC                             A:00 X:00 Y:00 P:2f SP:fb  STACK: 00 00 c6 02
c815  08       PHP                             A:00 X:00 Y:00 P:2f SP:fb  STACK: 00 00 c6 02
c816  68       PLA                             A:00 X:00 Y:00 P:2f SP:fa  STACK: 00 00 c6 02 2f
c817  29 ef    AND #$ef                        A:2f X:00 Y:00 P:2d SP:fb  STACK: 00 00 c6 02
c819  c9 2f    CMP #$2f                        A:2f X:00 Y:00 P:2d SP:fb  STACK: 00 00 c6 02
c81b  f0 04    BEQ $c821                       A:2f X:00 Y:00 P:2f SP:fb  STACK: 00 00 c6 02
c821  ea       NOP                             A:2f X:00 Y:00 P:2f SP:fb  STACK: 00 00 c6 02
c822  a9 ff    LDA #$ff                        A:2f X:00 Y:00 P:2f SP:fb  STACK: 00 00 c6 02
c824  48       PHA                             A:ff X:00 Y:00 P:ad SP:fb  STACK: 00 00 c6 02
c825  28       PLP                             A:ff X:00 Y:00 P:ad SP:fa  STACK: 00 00 c6 02 ff
c826  d0 09    BNE $c831                       A:ff X:00 Y:00 P:ff SP:fb  STACK: 00 00 c6 02
c828  10 07    BPL $c831                       A:ff X:00 Y:00 P:ff SP:fb  STACK: 00 00 c6 02
c82a  50 05    BVC $c831                       A:ff X:00 Y:00 P:ff SP:fb  STACK: 00 00 c6 02
c82c  90 03    BCC $c831                       A:ff X:00 Y:00 P:ff SP:fb  STACK: 00 00 c6 02
c82e  4c 35 c8 JMP $c835 = ea                  A:ff X:00 Y:00 P:ff SP:fb  STACK: 00 00 c6 02
c835  ea       NOP                             A:ff X:00 Y:00 P:ff SP:fb  STACK: 00 00 c6 02
c836  a9 04    LDA #$04                        A:ff X:00 Y:00 P:ff SP:fb  STACK: 00 00 c6 02
c838  48       PHA                             A:04 X:00 Y:00 P:6d SP:fb  STACK: 00 00 c6 02
c839  28       PLP                             A:04 X:00 Y:00 P:6d SP:fa  STACK: 00 00 c6 02 04
c83a  f0 09    BEQ $c845                       A:04 X:00 Y:00 P:04 SP:fb  STACK: 00 00 c6 02
c83c  30 07    BMI $c845                       A:04 X:00 Y:00 P:04 SP:fb  STACK: 00 00 c6 02
c83e  70 05    BVS $c845                       A:04 X:00 Y:00 P:04 SP:fb  STACK: 00 00 c6 02
c840  b0 03    BCS $c845                       A:04 X:00 Y:00 P:04 SP:fb  STACK: 00 00 c6 02
c842  4c 49 c8 JMP $c849 = ea                  A:04 X:00 Y:00 P:04 SP:fb  STACK: 00 00 c6 02
c849  ea       NOP                             A:04 X:00 Y:00 P:04 SP:fb  STACK: 00 00 c6 02
c84a  f8       SED                             A:04 X:00 Y:00 P:04 SP:fb  STACK: 00 00 c6 02
c84b  a9 ff    LDA #$ff                        A:04 X:00 Y:00 P:0c SP:fb  STACK: 00 00 c6 02
c84d  85 01    STA $01 = 80                    A:ff X:00 Y:00 P:8c SP:fb  STACK: 00 00 c6 02
c84f  24 01    BIT $01 = ff                    A:ff X:00 Y:00 P:8c SP:fb  STACK: 00 00 c6 02
c851  18       CLC                             A:ff X:00 Y:00 P:cc SP:fb  STACK: 00 00 c6 02
c852  a9 00    LDA #$00                        A:ff X:00 Y:00 P:cc SP:fb  STACK: 00 00 c6 02
c854  48       PHA                             A:00 X:00 Y:00 P:4e SP:fb  STACK: 00 00 c6 02
c855  a9 ff    LDA #$ff                        A:00 X:00 Y:00 P:4e SP:fa  STACK: 00 00 c6 02 00
c857  68       PLA                             A:ff X:00 Y:00 P:cc SP:fa  STACK: 00 00 c6 02 00
c858  d0 09    BNE $c863                       A:00 X:00 Y:00 P:4e SP:fb  STACK: 00 00 c6 02
c85a  30 07    BMI $c863                       A:00 X:00 Y:00 P:4e SP:fb  STACK: 00 00 c6 02
c85c  50 05    BVC $c863                       A:00 X:00 Y:00 P:4e SP:fb  STACK: 00 00 c6 02
c85e  b0 03    BCS $c863                       A:00 X:00 Y:00 P:4e SP:fb  STACK: 00 00 c6 02
c860  4c 67 c8 JMP $c867 = ea                  A:00 X:00 Y:00 P:4e SP:fb  STACK: 00 00 c6 02
c867  ea       NOP                             A:00 X:00 Y:00 P:4e SP:fb  STACK: 00 00 c6 02
c868  a9 00    LDA #$00                        A:00 X:00 Y:00 P:4e SP:fb  STACK: 00 00 c6 02
c86a  85 01    STA $01 = ff                    A:00 X:00 Y:00 P:4e SP:fb  STACK: 00 00 c6 02
c86c  24 01    BIT $01 = 00                    A:00 X:00 Y:00 P:4e SP:fb  STACK: 00 00 c6 02
c86e  38       SEC                             A:00 X:00 Y:00 P:0e SP:fb  STACK: 00 00 c6 02
c86f  a9 ff    LDA #$ff                        A:00 X:00 Y:00 P:0f SP:fb  STACK: 00 00 c6 02
c871  48       PHA                             A:ff X:00 Y:00 P:8d SP:fb  STACK: 00 00 c6 02
c872  a9 00    LDA #$00                        A:ff X:00 Y:00 P:8d SP:fa  STACK: 00 00 c6 02 ff
c874  68       PLA                             A:00 X:00 Y:00 P:0f SP:fa  STACK: 00 00 c6 02 ff
c875  f0 09    BEQ $c880                       A:ff X:00 Y:00 P:8d SP:fb  STACK: 00 00 c6 02
c877  10 07    BPL $c880                       A:ff X:00 Y:00 P:8d SP:fb  STACK: 00 00 c6 02
c879  70 05    BVS $c880                       A:ff X:00 Y:00 P:8d SP:fb  STACK: 00 00 c6 02
c87b  90 03    BCC $c880                       A:ff X:00 Y:00 P:8d SP:fb  STACK: 00 00 c6 02
c87d  4c 84 c8 JMP $c884 = 60                  A:ff X:00 Y:00 P:8d SP:fb  STACK: 00 00 c6 02
c884  60       RTS                             A:ff X:00 Y:00 P:8d SP:fb  STACK: 00 00 c6 02
c603  20 85 c8 JSR $c885 = ea                  A:ff X:00 Y:00 P:8d SP:fd  STACK: 00 00
c885  ea       NOP                             A:ff X:00 Y:00 P:8d SP:fb  STACK: 00 00 c6 05
c886  18       CLC                             A:ff X:00 Y:00 P:8d SP:fb  STACK: 00 00 c6 05
c887  a9 ff    LDA #$ff                        A:ff X:00 Y:00 P:8c SP:fb  STACK: 00 00 c6 05
c889  85 01    STA $01 = 00                    A:ff X:00 Y:00 P:8c SP:fb  STACK: 00 00 c6 05
c88b  24 01    BIT $01 = ff                    A:ff X:00 Y:00 P:8c SP:fb  STACK: 00 00 c6 05
c88d  a9 55    LDA #$55                        A:ff X:00 Y:00 P:cc SP:fb  STACK: 00 00 c6 05
c88f  09 aa    ORA #$aa                        A:55 X:00 Y:00 P:4c SP:fb  STACK: 00 00 c6 05
c891  b0 0b    BCS $c89e                       A:ff X:00 Y:00 P:cc SP:fb  STACK: 00 00 c6 05
c893  10 09    BPL $c89e                       A:ff X:00 Y:00 P:cc SP:fb  STACK: 00 00 c6 05
c895  c9 ff    CMP #$ff                        A:ff X:00 Y:00 P:cc SP:fb  STACK: 00 00 c6 05
c897  d0 05    BNE $c89e                       A:ff X:00 Y:00 P:4f SP:fb  STACK: 00 00 c6 05
c899  50 03    BVC $c89e                       A:ff X:00 Y:00 P:4f SP:fb  STACK: 00 00 c6 05
c89b  4c a2 c8 JMP $c8a2 = ea                  A:ff X:00 Y:00 P:4f SP:fb  STACK: 00 00 c6 05
c8a2  ea       NOP                             A:ff X:00 Y:00 P:4f SP:fb  STACK: 00 00 c6 05
c8a3  38       SEC                             A:ff X:00 Y:00 P:4f SP:fb  STACK: 00 00 c6 05
c8a4  b8       CLV                             A:ff X:00 Y:00 P:4f SP:fb  STACK: 00 00 c6 05
c8a5  a9 00    LDA #$00                        A:ff X:00 Y:00 P:0f SP:fb  STACK: 00 00 c6 05
c8a7  09 00    ORA #$00                        A:00 X:00 Y:00 P:0f SP:fb  STACK: 00 00 c6 05
c8a9  d0 09    BNE $c8b4                       A:00 X:00 Y:00 P:0f SP:fb  STACK: 00 00 c6 05
c8ab  70 07    BVS $c8b4                       A:00 X:00 Y:00 P:0f SP:fb  STACK: 00 00 c6 05
c8ad  90 05    BCC $c8b4                       A:00 X:00 Y:00 P:0f SP:fb  STACK: 00 00 c6 05
c8af  30 03    BMI $c8b4                       A:00 X:00 Y:00 P:0f SP:fb  STACK: 00 00 c6 05
c8b1  4c b8 c8 JMP $c8b8 = ea                  A:00 X:00 Y:00 P:0f SP:fb  STACK: 00 00 c6 05
c8b8  ea       NOP                             A:00 X:00 Y:00 P:0f SP:fb  STACK: 00 00 c6 05
c8b9  18       CLC                             A:00 X:00 Y:00 P:0f SP:fb  STACK: 00 00 c6 05
c8ba  24 01    BIT $01 = ff                    A:00 X:00 Y:00 P:0e SP:fb  STACK: 00 00 c6 05
c8bc  a9 55    LDA #$55                        A:00 X:00 Y:00 P:ce SP:fb  STACK: 00 00 c6 05
c8be  29 aa    AND #$aa                        A:55 X:00 Y:00 P:4c SP:fb  STACK: 00 00 c6 05
c8c0  d0 09    BNE $c8cb                       A:00 X:00 Y:00 P:4e SP:fb  STACK: 00 00 c6 05
c8c2  50 07    BVC $c8cb                       A:00 X:00 Y:00 P:4e SP:fb  STACK: 00 00 c6 05
c8c4  b0 05    BCS $c8cb                       A:00 X:00 Y:00 P:4e SP:fb  STACK: 00 00 c6 05
c8c6  30 03    BMI $c8cb                       A:00 X:00 Y:00 P:4e SP:fb  STACK: 00 00 c6 05
c8c8  4c cf c8 JMP $c8cf = ea                  A:00 X:00 Y:00 P:4e SP:fb  STACK: 00 00 c6 05
c8cf  ea       NOP                             A:00 X:00 Y:00 P:4e SP:fb  STACK: 00 00 c6 05
c8d0  38       SEC                             A:00 X:00 Y:00 P:4e SP:fb  STACK: 00 00 c6 05
c8d1  b8       CLV                             A:00 X:00 Y:00 P:4f SP:fb  STACK: 00 00 c6 05
c8d2  a9 f8    LDA #$f8                        A:00 X:00 Y:00 P:0f SP:fb  STACK: 00 00 c6 05
c8d4  29 ef    AND #$ef                        A:f8 X:00 Y:00 P:8d SP:fb  STACK: 00 00 c6 05
c8d6  90 0b    BCC $c8e3                       A:e8 X:00 Y:00 P:8d SP:fb  STACK: 00 00 c6 05
c8d8  10 09    BPL $c8e3                       A:e8 X:00 Y:00 P:8d SP:fb  STACK: 00 00 c6 05
c8da  c9 e8    CMP #$e8                        A:e8 X:00 Y:00 P:8d SP:fb  STACK: 00 00 c6 05
c8dc  d0 05    BNE $c8e3                       A:e8 X:00 Y:00 P:0f SP:fb  STACK: 00 00 c6 05
c8de  70 03    BVS $c8e3                       A:e8 X:00 Y:00 P:0f SP:fb  STACK: 00 00 c6 05
c8e0  4c e7 c8 JMP $c8e7 = ea                  A:e8 X:00 Y:00 P:0f SP:fb  STACK: 00 00 c6 05
c8e7  ea       NOP                             A:e8 X:00 Y:00 P:0f SP:fb  STACK: 00 00 c6 05
c8e8  18       CLC                             A:e8 X:00 Y:00 P:0f SP:fb  STACK: 00 00 c6 05
c8e9  24 01    BIT $01 = ff                    A:e8 X:00 Y:00 P:0e SP:fb  STACK: 00 00 c6 05
c8eb  a9 5f    LDA #$5f                        A:e8 X:00 Y:00 P:cc SP:fb  STACK: 00 00 c6 05
c8ed  49 aa    EOR #$aa                        A:5f X:00 Y:00 P:4c SP:fb  STACK: 00 00 c6 05
c8ef  b0 0b    BCS $c8fc                       A:00 X:00 Y:00 P:4e SP:fb  STACK: 00 00 c6 05
c8f1  10 09    BPL $c8fc                       A:00 X:00 Y:00 P:4e SP:fb  STACK: 00 00 c6 05
c8fc  a2 1c    LDX #$1c                        A:00 X:00 Y:00 P:4e SP:fb  STACK: 00 00 c6 05
c8fe  86 00    STX $00 = 00                    A:00 X:1c Y:00 P:4c SP:fb  STACK: 00 00 c6 05
c900  ea       NOP                             A:00 X:1c Y:00 P:4c SP:fb  STACK: 00 00 c6 05
c901  38       SEC                             A:00 X:1c Y:00 P:4c SP:fb  STACK: 00 00 c6 05
c902  b8       CLV                             A:00 X:1c Y:00 P:4d SP:fb  STACK: 00 00 c6 05
c903  a9 70    LDA #$70                        A:00 X:1c Y:00 P:0d SP:fb  STACK: 00 00 c6 05
c905  49 70    EOR #$70                        A:70 X:1c Y:00 P:0d SP:fb  STACK: 00 00 c6 05
c907  d0 09    BNE $c912                       A:00 X:1c Y:00 P:0f SP:fb  STACK: 00 00 c6 05
c909  70 07    BVS $c912                       A:00 X:1c Y:00 P:0f SP:fb  STACK: 00 00 c6 05
c90b  90 05    BCC $c912                       A:00 X:1c Y:00 P:0f SP:fb  STACK: 00 00 c6 05
c90d  30 03    BMI $c912                       A:00 X:1c Y:00 P:0f SP:fb  STACK: 00 00 c6 05
c90f  4c 16 c9 JMP $c916 = ea                  A:00 X:1c Y:00 P:0f SP:fb  STACK: 00 00 c6 05
c916  ea       NOP                             A:00 X:1c Y:00 P:0f SP:fb  STACK: 00 00 c6 05
c917  18       CLC                             A:00 X:1c Y:00 P:0f SP:fb  STACK: 00 00 c6 05
c918  24 01    BIT $01 = ff                    A:00 X:1c Y:00 P:0e SP:fb  STACK: 00 00 c6 05
c91a  a9 00    LDA #$00                        A:00 X:1c Y:00 P:ce SP:fb  STACK: 00 00 c6 05
c91c  69 69    ADC #$69                        A:00 X:1c Y:00 P:4e SP:fb  STACK: 00 00 c6 05
c91e  30 0b    BMI $c92b                       A:69 X:1c Y:00 P:8c SP:fb  STACK: 00 00 c6 05
c92b  a2 1e    LDX #$1e                        A:69 X:1c Y:00 P:8c SP:fb  STACK: 00 00 c6 05
c92d  86 00    STX $00 = 1c                    A:69 X:1e Y:00 P:0c SP:fb  STACK: 00 00 c6 05
c92f  ea       NOP                             A:69 X:1e Y:00 P:0c SP:fb  STACK: 00 00 c6 05
c930  38       SEC                             A:69 X:1e Y:00 P:0c SP:fb  STACK: 00 00 c6 05
c931  f8       SED                             A:69 X:1e Y:00 P:0d SP:fb  STACK: 00 00 c6 05
c932  24 01    BIT $01 = ff                    A:69 X:1e Y:00 P:0d SP:fb  STACK: 00 00 c6 05
c934  a9 01    LDA #$01                        A:69 X:1e Y:00 P:cd SP:fb  STACK: 00 00 c6 05
c936  69 69    ADC #$69                        A:01 X:1e Y:00 P:4d SP:fb  STACK: 00 00 c6 05
c938  30 0b    BMI $c945                       A:6a X:1e Y:00 P:8c SP:fb  STACK: 00 00 c6 05
c945  a2 1f    LDX #$1f                        A:6a X:1e Y:00 P:8c SP:fb  STACK: 00 00 c6 05
c947  86 00    STX $00 = 1e                    A:6a X:1f Y:00 P:0c SP:fb  STACK: 00 00 c6 05
c949  ea       NOP                             A:6a X:1f Y:00 P:0c SP:fb  STACK: 00 00 c6 05
c94a  d8       CLD                             A:6a X:1f Y:00 P:0c SP:fb  STACK: 00 00 c6 05
c94b  38       SEC                             A:6a X:1f Y:00 P:04 SP:fb  STACK: 00 00 c6 05
c94c  b8       CLV                             A:6a X:1f Y:00 P:05 SP:fb  STACK: 00 00 c6 05
c94d  a9 7f    LDA #$7f                        A:6a X:1f Y:00 P:05 SP:fb  STACK: 00 00 c6 05
c94f  69 7f    ADC #$7f                        A:7f X:1f Y:00 P:05 SP:fb  STACK: 00 00 c6 05
c951  10 0b    BPL $c95e                       A:fe X:1f Y:00 P:44 SP:fb  STACK: 00 00 c6 05
c95e  a2 20    LDX #$20                        A:fe X:1f Y:00 P:44 SP:fb  STACK: 00 00 c6 05
c960  86 00    STX $00 = 1f                    A:fe X:20 Y:00 P:44 SP:fb  STACK: 00 00 c6 05
c962  ea       NOP                             A:fe X:20 Y:00 P:44 SP:fb  STACK: 00 00 c6 05
c963  18       CLC                             A:fe X:20 Y:00 P:44 SP:fb  STACK: 00 00 c6 05
c964  24 01    BIT $01 = ff                    A:fe X:20 Y:00 P:44 SP:fb  STACK: 00 00 c6 05
c966  a9 7f    LDA #$7f                        A:fe X:20 Y:00 P:c4 SP:fb  STACK: 00 00 c6 05
c968  69 80    ADC #$80                        A:7f X:20 Y:00 P:44 SP:fb  STACK: 00 00 c6 05
c96a  10 0b    BPL $c977                       A:ff X:20 Y:00 P:04 SP:fb  STACK: 00 00 c6 05
c977  a2 21    LDX #$21                        A:ff X:20 Y:00 P:04 SP:fb  STACK: 00 00 c6 05
c979  86 00    STX $00 = 20                    A:ff X:21 Y:00 P:04 SP:fb  STACK: 00 00 c6 05
c97b  ea       NOP                             A:ff X:21 Y:00 P:04 SP:fb  STACK: 00 00 c6 05
c97c  38       SEC                             A:ff X:21 Y:00 P:04 SP:fb  STACK: 00 00 c6 05
c97d  b8       CLV                             A:ff X:21 Y:00 P:05 SP:fb  STACK: 00 00 c6 05
c97e  a9 7f    LDA #$7f                        A:ff X:21 Y:00 P:05 SP:fb  STACK: 00 00 c6 05
c980  69 80    ADC #$80                        A:7f X:21 Y:00 P:05 SP:fb  STACK: 00 00 c6 05
c982  d0 09    BNE $c98d                       A:ff X:21 Y:00 P:04 SP:fb  STACK: 00 00 c6 05
c98d  a2 22    LDX #$22                        A:ff X:21 Y:00 P:04 SP:fb  STACK: 00 00 c6 05
c98f  86 00    STX $00 = 21                    A:ff X:22 Y:00 P:04 SP:fb  STACK: 00 00 c6 05
c991  ea       NOP                             A:ff X:22 Y:00 P:04 SP:fb  STACK: 00 00 c6 05
c992  38       SEC                             A:ff X:22 Y:00 P:04 SP:fb  STACK: 00 00 c6 05
c993  b8       CLV                             A:ff X:22 Y:00 P:05 SP:fb  STACK: 00 00 c6 05
c994  a9 9f    LDA #$9f                        A:ff X:22 Y:00 P:05 SP:fb  STACK: 00 00 c6 05
c996  f0 09    BEQ $c9a1                       A:9f X:22 Y:00 P:85 SP:fb  STACK: 00 00 c6 05
c998  10 07    BPL $c9a1                       A:9f X:22 Y:00 P:85 SP:fb  STACK: 00 00 c6 05
c99a  70 05    BVS $c9a1                       A:9f X:22 Y:00 P:85 SP:fb  STACK: 00 00 c6 05
c99c  90 03    BCC $c9a1                       A:9f X:22 Y:00 P:85 SP:fb  STACK: 00 00 c6 05
c99e  4c a5 c9 JMP $c9a5 = ea                  A:9f X:22 Y:00 P:85 SP:fb  STACK: 00 00 c6 05
c9a5  ea       NOP                             A:9f X:22 Y:00 P:85 SP:fb  STACK: 00 00 c6 05
c9a6  18       CLC                             A:9f X:22 Y:00 P:85 SP:fb  STACK: 00 00 c6 05
c9a7  24 01    BIT $01 = ff                    A:9f X:22 Y:00 P:84 SP:fb  STACK: 00 00 c6 05
c9a9  a9 00    LDA #$00                        A:9f X:22 Y:00 P:c4 SP:fb  STACK: 00 00 c6 05
c9ab  d0 09    BNE $c9b6                       A:00 X:22 Y:00 P:46 SP:fb  STACK: 00 00 c6 05
c9ad  30 07    BMI $c9b6                       A:00 X:22 Y:00 P:46 SP:fb  STACK: 00 00 c6 05
c9af  50 05    BVC $c9b6                       A:00 X:22 Y:00 P:46 SP:fb  STACK: 00 00 c6 05
c9b1  b0 03    BCS $c9b6                       A:00 X:22 Y:00 P:46 SP:fb  STACK: 00 00 c6 05
c9b3  4c ba c9 JMP $c9ba = ea                  A:00 X:22 Y:00 P:46 SP:fb  STACK: 00 00 c6 05
c9ba  ea       NOP                             A:00 X:22 Y:00 P:46 SP:fb  STACK: 00 00 c6 05
c9bb  24 01    BIT $01 = ff                    A:00 X:22 Y:00 P:46 SP:fb  STACK: 00 00 c6 05
c9bd  a9 40    LDA #$40                        A:00 X:22 Y:00 P:c6 SP:fb  STACK: 00 00 c6 05
c9bf  c9 40    CMP #$40                        A:40 X:22 Y:00 P:44 SP:fb  STACK: 00 00 c6 05
c9c1  30 09    BMI $c9cc                       A:40 X:22 Y:00 P:47 SP:fb  STACK: 00 00 c6 05
c9c3  90 07    BCC $c9cc                       A:40 X:22 Y:00 P:47 SP:fb  STACK: 00 00 c6 05
c9c5  d0 05    BNE $c9cc                       A:40 X:22 Y:00 P:47 SP:fb  STACK: 00 00 c6 05
c9c7  50 03    BVC $c9cc                       A:40 X:22 Y:00 P:47 SP:fb  STACK: 00 00 c6 05
c9c9  4c d0 c9 JMP $c9d0 = ea                  A:40 X:22 Y:00 P:47 SP:fb  STACK: 00 00 c6 05
c9d0  ea       NOP                             A:40 X:22 Y:00 P:47 SP:fb  STACK: 00 00 c6 05
c9d1  b8       CLV                             A:40 X:22 Y:00 P:47 SP:fb  STACK: 00 00 c6 05
c9d2  c9 3f    CMP #$3f                        A:40 X:22 Y:00 P:07 SP:fb  STACK: 00 00 c6 05
c9d4  f0 09    BEQ $c9df                       A:40 X:22 Y:00 P:05 SP:fb  STACK: 00 00 c6 05
c9d6  30 07    BMI $c9df                       A:40 X:22 Y:00 P:05 SP:fb  STACK: 00 00 c6 05
c9d8  90 05    BCC $c9df                       A:40 X:22 Y:00 P:05 SP:fb  STACK: 00 00 c6 05
c9da  70 03    BVS $c9df                       A:40 X:22 Y:00 P:05 SP:fb  STACK: 00 00 c6 05
c9dc  4c e3 c9 JMP $c9e3 = ea                  A:40 X:22 Y:00 P:05 SP:fb  STACK: 00 00 c6 05
c9e3  ea       NOP                             A:40 X:22 Y:00 P:05 SP:fb  STACK: 00 00 c6 05
c9e4  c9 41    CMP #$41                        A:40 X:22 Y:00 P:05 SP:fb  STACK: 00 00 c6 05
c9e6  f0 07    BEQ $c9ef                       A:40 X:22 Y:00 P:84 SP:fb  STACK: 00 00 c6 05
c9e8  10 05    BPL $c9ef                       A:40 X:22 Y:00 P:84 SP:fb  STACK: 00 00 c6 05
c9ea  10 03    BPL $c9ef                       A:40 X:22 Y:00 P:84 SP:fb  STACK: 00 00 c6 05
c9ec  4c f3 c9 JMP $c9f3 = ea                  A:40 X:22 Y:00 P:84 SP:fb  STACK: 00 00 c6 05
c9f3  ea       NOP                             A:40 X:22 Y:00 P:84 SP:fb  STACK: 00 00 c6 05
c9f4  a9 80    LDA #$80                        A:40 X:22 Y:00 P:84 SP:fb  STACK: 00 00 c6 05
c9f6  c9 00    CMP #$00                        A:80 X:22 Y:00 P:84 SP:fb  STACK: 00 00 c6 05
c9f8  f0 07    BEQ $ca01                       A:80 X:22 Y:00 P:85 SP:fb  STACK: 00 00 c6 05
c9fa  10 05    BPL $ca01                       A:80 X:22 Y:00 P:85 SP:fb  STACK: 00 00 c6 05
c9fc  90 03    BCC $ca01                       A:80 X:22 Y:00 P:85 SP:fb  STACK: 00 00 c6 05
c9fe  4c 05 ca JMP $ca05 = ea                  A:80 X:22 Y:00 P:85 SP:fb  STACK: 00 00 c6 05
ca05  ea       NOP                             A:80 X:22 Y:00 P:85 SP:fb  STACK: 00 00 c6 05
ca06  c9 80    CMP #$80                        A:80 X:22 Y:00 P:85 SP:fb  STACK: 00 00 c6 05
ca08  d0 07    BNE $ca11                       A:80 X:22 Y:00 P:07 SP:fb  STACK: 00 00 c6 05
ca0a  30 05    BMI $ca11                       A:80 X:22 Y:00 P:07 SP:fb  STACK: 00 00 c6 05
ca0c  90 03    BCC $ca11                       A:80 X:22 Y:00 P:07 SP:fb  STACK: 00 00 c6 05
ca0e  4c 15 ca JMP $ca15 = ea                  A:80 X:22 Y:00 P:07 SP:fb  STACK: 00 00 c6 05
ca15  ea       NOP                             A:80 X:22 Y:00 P:07 SP:fb  STACK: 00 00 c6 05
ca16  c9 81    CMP #$81                        A:80 X:22 Y:00 P:07 SP:fb  STACK: 00 00 c6 05
ca18  b0 07    BCS $ca21                       A:80 X:22 Y:00 P:84 SP:fb  STACK: 00 00 c6 05
ca1a  f0 05    BEQ $ca21                       A:80 X:22 Y:00 P:84 SP:fb  STACK: 00 00 c6 05
ca1c  10 03    BPL $ca21                       A:80 X:22 Y:00 P:84 SP:fb  STACK: 00 00 c6 05
ca1e  4c 25 ca JMP $ca25 = ea                  A:80 X:22 Y:00 P:84 SP:fb  STACK: 00 00 c6 05
ca25  ea       NOP                             A:80 X:22 Y:00 P:84 SP:fb  STACK: 00 00 c6 05
ca26  c9 7f    CMP #$7f                        A:80 X:22 Y:00 P:84 SP:fb  STACK: 00 00 c6 05
ca28  90 07    BCC $ca31                       A:80 X:22 Y:00 P:05 SP:fb  STACK: 00 00 c6 05
ca2a  f0 05    BEQ $ca31                       A:80 X:22 Y:00 P:05 SP:fb  STACK: 00 00 c6 05
ca2c  30 03    BMI $ca31                       A:80 X:22 Y:00 P:05 SP:fb  STACK: 00 00 c6 05
ca2e  4c 35 ca JMP $ca35 = ea                  A:80 X:22 Y:00 P:05 SP:fb  STACK: 00 00 c6 05
ca35  ea       NOP                             A:80 X:22 Y:00 P:05 SP:fb  STACK: 00 00 c6 05
ca36  24 01    BIT $01 = ff                    A:80 X:22 Y:00 P:05 SP:fb  STACK: 00 00 c6 05
ca38  a0 40    LDY #$40                        A:80 X:22 Y:00 P:c5 SP:fb  STACK: 00 00 c6 05
ca3a  c0 40    CPY #$40                        A:80 X:22 Y:40 P:45 SP:fb  STACK: 00 00 c6 05
ca3c  d0 09    BNE $ca47                       A:80 X:22 Y:40 P:47 SP:fb  STACK: 00 00 c6 05
ca3e  30 07    BMI $ca47                       A:80 X:22 Y:40 P:47 SP:fb  STACK: 00 00 c6 05
ca40  90 05    BCC $ca47                       A:80 X:22 Y:40 P:47 SP:fb  STACK: 00 00 c6 05
ca42  50 03    BVC $ca47                       A:80 X:22 Y:40 P:47 SP:fb  STACK: 00 00 c6 05
ca44  4c 4b ca JMP $ca4b = ea                  A:80 X:22 Y:40 P:47 SP:fb  STACK: 00 00 c6 05
ca4b  ea       NOP                             A:80 X:22 Y:40 P:47 SP:fb  STACK: 00 00 c6 05
ca4c  b8       CLV                             A:80 X:22 Y:40 P:47 SP:fb  STACK: 00 00 c6 05
ca4d  c0 3f    CPY #$3f                        A:80 X:22 Y:40 P:07 SP:fb  STACK: 00 00 c6 05
ca4f  f0 09    BEQ $ca5a                       A:80 X:22 Y:40 P:05 SP:fb  STACK: 00 00 c6 05
ca51  30 07    BMI $ca5a                       A:80 X:22 Y:40 P:05 SP:fb  STACK: 00 00 c6 05
ca53  90 05    BCC $ca5a                       A:80 X:22 Y:40 P:05 SP:fb  STACK: 00 00 c6 05
ca55  70 03    BVS $ca5a                       A:80 X:22 Y:40 P:05 SP:fb  STACK: 00 00 c6 05
ca57  4c 5e ca JMP $ca5e = ea                  A:80 X:22 Y:40 P:05 SP:fb  STACK: 00 00 c6 05
ca5e  ea       NOP                             A:80 X:22 Y:40 P:05 SP:fb  STACK: 00 00 c6 05
ca5f  c0 41    CPY #$41                        A:80 X:22 Y:40 P:05 SP:fb  STACK: 00 00 c6 05
ca61  f0 07    BEQ $ca6a                       A:80 X:22 Y:40 P:84 SP:fb  STACK: 00 00 c6 05
ca63  10 05    BPL $ca6a                       A:80 X:22 Y:40 P:84 SP:fb  STACK: 00 00 c6 05
ca65  10 03    BPL $ca6a                       A:80 X:22 Y:40 P:84 SP:fb  STACK: 00 00 c6 05
ca67  4c 6e ca JMP $ca6e = ea                  A:80 X:22 Y:40 P:84 SP:fb  STACK: 00 00 c6 05
ca6e  ea       NOP                             A:80 X:22 Y:40 P:84 SP:fb  STACK: 00 00 c6 05
ca6f  a0 80    LDY #$80                        A:80 X:22 Y:40 P:84 SP:fb  STACK: 00 00 c6 05
ca71  c0 00    CPY #$00                        A:80 X:22 Y:80 P:84 SP:fb  STACK: 00 00 c6 05
ca73  f0 07    BEQ $ca7c                       A:80 X:22 Y:80 P:85 SP:fb  STACK: 00 00 c6 05
ca75  10 05    BPL $ca7c                       A:80 X:22 Y:80 P:85 SP:fb  STACK: 00 00 c6 05
ca77  90 03    BCC $ca7c                       A:80 X:22 Y:80 P:85 SP:fb  STACK: 00 00 c6 05
ca79  4c 80 ca JMP $ca80 = ea                  A:80 X:22 Y:80 P:85 SP:fb  STACK: 00 00 c6 05
ca80  ea       NOP                             A:80 X:22 Y:80 P:85 SP:fb  STACK: 00 00 c6 05
ca81  c0 80    CPY #$80                        A:80 X:22 Y:80 P:85 SP:fb  STACK: 00 00 c6 05
ca83  d0 07    BNE $ca8c                       A:80 X:22 Y:80 P:07 SP:fb  STACK: 00 00 c6 05
ca85  30 05    BMI $ca8c                       A:80 X:22 Y:80 P:07 SP:fb  STACK: 00 00 c6 05
ca87  90 03    BCC $ca8c                       A:80 X:22 Y:80 P:07 SP:fb  STACK: 00 00 c6 05
ca89  4c 90 ca JMP $ca90 = ea                  A:80 X:22 Y:80 P:07 SP:fb  STACK: 00 00 c6 05
ca90  ea       NOP                             A:80 X:22 Y:80 P:07 SP:fb  STACK: 00 00 c6 05
ca91  c0 81    CPY #$81                        A:80 X:22 Y:80 P:07 SP:fb  STACK: 00 00 c6 05
ca93  b0 07    BCS $ca9c                       A:80 X:22 Y:80 P:84 SP:fb  STACK: 00 00 c6 05
ca95  f0 05    BEQ $ca9c                       A:80 X:22 Y:80 P:84 SP:fb  STACK: 00 00 c6 05
ca97  10 03    BPL $ca9c                       A:80 X:22 Y:80 P:84 SP:fb  STACK: 00 00 c6 05
ca99  4c a0 ca JMP $caa0 = ea                  A:80 X:22 Y:80 P:84 SP:fb  STACK: 00 00 c6 05
caa0  ea       NOP                             A:80 X:22 Y:80 P:84 SP:fb  STACK: 00 00 c6 05
caa1  c0 7f    CPY #$7f                        A:80 X:22 Y:80 P:84 SP:fb  STACK: 00 00 c6 05
caa3  90 07    BCC $caac                       A:80 X:22 Y:80 P:05 SP:fb  STACK: 00 00 c6 05
caa5  f0 05    BEQ $caac                       A:80 X:22 Y:80 P:05 SP:fb  STACK: 00 00 c6 05
caa7  30 03    BMI $caac                       A:80 X:22 Y:80 P:05 SP:fb  STACK: 00 00 c6 05
caa9  4c b0 ca JMP $cab0 = ea                  A:80 X:22 Y:80 P:05 SP:fb  STACK: 00 00 c6 05
cab0  ea       NOP                             A:80 X:22 Y:80 P:05 SP:fb  STACK: 00 00 c6 05
cab1  24 01    BIT $01 = ff                    A:80 X:22 Y:80 P:05 SP:fb  STACK: 00 00 c6 05
cab3  a2 40    LDX #$40                        A:80 X:22 Y:80 P:c5 SP:fb  STACK: 00 00 c6 05
cab5  e0 40    CPX #$40                        A:80 X:40 Y:80 P:45 SP:fb  STACK: 00 00 c6 05
cab7  d0 09    BNE $cac2                       A:80 X:40 Y:80 P:47 SP:fb  STACK: 00 00 c6 05
cab9  30 07    BMI $cac2                       A:80 X:40 Y:80 P:47 SP:fb  STACK: 00 00 c6 05
cabb  90 05    BCC $cac2                       A:80 X:40 Y:80 P:47 SP:fb  STACK: 00 00 c6 05
cabd  50 03    BVC $cac2                       A:80 X:40 Y:80 P:47 SP:fb  STACK: 00 00 c6 05
cabf  4c c6 ca JMP $cac6 = ea                  A:80 X:40 Y:80 P:47 SP:fb  STACK: 00 00 c6 05
cac6  ea       NOP                             A:80 X:40 Y:80 P:47 SP:fb  STACK: 00 00 c6 05
cac7  b8       CLV                             A:80 X:40 Y:80 P:47 SP:fb  STACK: 00 00 c6 05
cac8  e0 3f    CPX #$3f                        A:80 X:40 Y:80 P:07 SP:fb  STACK: 00 00 c6 05
caca  f0 09    BEQ $cad5                       A:80 X:40 Y:80 P:05 SP:fb  STACK: 00 00 c6 05
cacc  30 07    BMI $cad5                       A:80 X:40 Y:80 P:05 SP:fb  STACK: 00 00 c6 05
cace  90 05    BCC $cad5                       A:80 X:40 Y:80 P:05 SP:fb  STACK: 00 00 c6 05
cad0  70 03    BVS $cad5                       A:80 X:40 Y:80 P:05 SP:fb  STACK: 00 00 c6 05
cad2  4c d9 ca JMP $cad9 = ea                  A:80 X:40 Y:80 P:05 SP:fb  STACK: 00 00 c6 05
cad9  ea       NOP                             A:80 X:40 Y:80 P:05 SP:fb  STACK: 00 00 c6 05
cada  e0 41    CPX #$41                        A:80 X:40 Y:80 P:05 SP:fb  STACK: 00 00 c6 05
cadc  f0 07    BEQ $cae5                       A:80 X:40 Y:80 P:84 SP:fb  STACK: 00 00 c6 05
cade  10 05    BPL $cae5                       A:80 X:40 Y:80 P:84 SP:fb  STACK: 00 00 c6 05
cae0  10 03    BPL $cae5                       A:80 X:40 Y:80 P:84 SP:fb  STACK: 00 00 c6 05
cae2  4c e9 ca JMP $cae9 = ea                  A:80 X:40 Y:80 P:84 SP:fb  STACK: 00 00 c6 05
cae9  ea       NOP                             A:80 X:40 Y:80 P:84 SP:fb  STACK: 00 00 c6 05
caea  a2 80    LDX #$80                        A:80 X:40 Y:80 P:84 SP:fb  STACK: 00 00 c6 05
caec  e0 00    CPX #$00                        A:80 X:80 Y:80 P:84 SP:fb  STACK: 00 00 c6 05
caee  f0 07    BEQ $caf7                       A:80 X:80 Y:80 P:85 SP:fb  STACK: 00 00 c6 05
caf0  10 05    BPL $caf7                       A:80 X:80 Y:80 P:85 SP:fb  STACK: 00 00 c6 05
caf2  90 03    BCC $caf7                       A:80 X:80 Y:80 P:85 SP:fb  STACK: 00 00 c6 05
caf4  4c fb ca JMP $cafb = ea                  A:80 X:80 Y:80 P:85 SP:fb  STACK: 00 00 c6 05
cafb  ea       NOP                             A:80 X:80 Y:80 P:85 SP:fb  STACK: 00 00 c6 05
cafc  e0 80    CPX #$80                        A:80 X:80 Y:80 P:85 SP:fb  STACK: 00 00 c6 05
cafe  d0 07    BNE $cb07                       A:80 X:80 Y:80 P:07 SP:fb  STACK: 00 00 c6 05
cb00  30 05    BMI $cb07                       A:80 X:80 Y:80 P:07 SP:fb  STACK: 00 00 c6 05
cb02  90 03    BCC $cb07                       A:80 X:80 Y:80 P:07 SP:fb  STACK: 00 00 c6 05
cb04  4c 0b cb JMP $cb0b = ea                  A:80 X:80 Y:80 P:07 SP:fb  STACK: 00 00 c6 05
cb0b  ea       NOP                             A:80 X:80 Y:80 P:07 SP:fb  STACK: 00 00 c6 05
cb0c  e0 81    CPX #$81                        A:80 X:80 Y:80 P:07 SP:fb  STACK: 00 00 c6 05
cb0e  b0 07    BCS $cb17                       A:80 X:80 Y:80 P:84 SP:fb  STACK: 00 00 c6 05
cb10  f0 05    BEQ $cb17                       A:80 X:80 Y:80 P:84 SP:fb  STACK: 00 00 c6 05
cb12  10 03    BPL $cb17                       A:80 X:80 Y:80 P:84 SP:fb  STACK: 00 00 c6 05
cb14  4c 1b cb JMP $cb1b = ea                  A:80 X:80 Y:80 P:84 SP:fb  STACK: 00 00 c6 05
cb1b  ea       NOP                             A:80 X:80 Y:80 P:84 SP:fb  STACK: 00 00 c6 05
cb1c  e0 7f    CPX #$7f                        A:80 X:80 Y:80 P:84 SP:fb  STACK: 00 00 c6 05
cb1e  90 07    BCC $cb27                       A:80 X:80 Y:80 P:05 SP:fb  STACK: 00 00 c6 05
cb20  f0 05    BEQ $cb27                       A:80 X:80 Y:80 P:05 SP:fb  STACK: 00 00 c6 05
cb22  30 03    BMI $cb27                       A:80 X:80 Y:80 P:05 SP:fb  STACK: 00 00 c6 05
cb24  4c 2b cb JMP $cb2b = ea                  A:80 X:80 Y:80 P:05 SP:fb  STACK: 00 00 c6 05
cb2b  ea       NOP                             A:80 X:80 Y:80 P:05 SP:fb  STACK: 00 00 c6 05
cb2c  38       SEC                             A:80 X:80 Y:80 P:05 SP:fb  STACK: 00 00 c6 05
cb2d  b8       CLV                             A:80 X:80 Y:80 P:05 SP:fb  STACK: 00 00 c6 05
cb2e  a2 9f    LDX #$9f                        A:80 X:80 Y:80 P:05 SP:fb  STACK: 00 00 c6 05
cb30  f0 09    BEQ $cb3b                       A:80 X:9f Y:80 P:85 SP:fb  STACK: 00 00 c6 05
cb32  10 07    BPL $cb3b                       A:80 X:9f Y:80 P:85 SP:fb  STACK: 00 00 c6 05
cb34  70 05    BVS $cb3b                       A:80 X:9f Y:80 P:85 SP:fb  STACK: 00 00 c6 05
cb36  90 03    BCC $cb3b                       A:80 X:9f Y:80 P:85 SP:fb  STACK: 00 00 c6 05
cb38  4c 3f cb JMP $cb3f = ea                  A:80 X:9f Y:80 P:85 SP:fb  STACK: 00 00 c6 05
cb3f  ea       NOP                             A:80 X:9f Y:80 P:85 SP:fb  STACK: 00 00 c6 05
cb40  18       CLC                             A:80 X:9f Y:80 P:85 SP:fb  STACK: 00 00 c6 05
cb41  24 01    BIT $01 = ff                    A:80 X:9f Y:80 P:84 SP:fb  STACK: 00 00 c6 05
cb43  a2 00    LDX #$00                        A:80 X:9f Y:80 P:c4 SP:fb  STACK: 00 00 c6 05
cb45  d0 09    BNE $cb50                       A:80 X:00 Y:80 P:46 SP:fb  STACK: 00 00 c6 05
cb47  30 07    BMI $cb50                       A:80 X:00 Y:80 P:46 SP:fb  STACK: 00 00 c6 05
cb49  50 05    BVC $cb50                       A:80 X:00 Y:80 P:46 SP:fb  STACK: 00 00 c6 05
cb4b  b0 03    BCS $cb50                       A:80 X:00 Y:80 P:46 SP:fb  STACK: 00 00 c6 05
cb4d  4c 54 cb JMP $cb54 = ea                  A:80 X:00 Y:80 P:46 SP:fb  STACK: 00 00 c6 05
cb54  ea       NOP                             A:80 X:00 Y:80 P:46 SP:fb  STACK: 00 00 c6 05
cb55  38       SEC                             A:80 X:00 Y:80 P:46 SP:fb  STACK: 00 00 c6 05
cb56  b8       CLV                             A:80 X:00 Y:80 P:47 SP:fb  STACK: 00 00 c6 05
cb57  a0 9f    LDY #$9f                        A:80 X:00 Y:80 P:07 SP:fb  STACK: 00 00 c6 05
cb59  f0 09    BEQ $cb64                       A:80 X:00 Y:9f P:85 SP:fb  STACK: 00 00 c6 05
cb5b  10 07    BPL $cb64                       A:80 X:00 Y:9f P:85 SP:fb  STACK: 00 00 c6 05
cb5d  70 05    BVS $cb64                       A:80 X:00 Y:9f P:85 SP:fb  STACK: 00 00 c6 05
cb5f  90 03    BCC $cb64                       A:80 X:00 Y:9f P:85 SP:fb  STACK: 00 00 c6 05
cb61  4c 68 cb JMP $cb68 = ea                  A:80 X:00 Y:9f P:85 SP:fb  STACK: 00 00 c6 05
cb68  ea       NOP                             A:80 X:00 Y:9f P:85 SP:fb  STACK: 00 00 c6 05
cb69  18       CLC                             A:80 X:00 Y:9f P:85 SP:fb  STACK: 00 00 c6 05
cb6a  24 01    BIT $01 = ff                    A:80 X:00 Y:9f P:84 SP:fb  STACK: 00 00 c6 05
cb6c  a0 00    LDY #$00                        A:80 X:00 Y:9f P:c4 SP:fb  STACK: 00 00 c6 05
cb6e  d0 09    BNE $cb79                       A:80 X:00 Y:00 P:46 SP:fb  STACK: 00 00 c6 05
cb70  30 07    BMI $cb79                       A:80 X:00 Y:00 P:46 SP:fb  STACK: 00 00 c6 05
cb72  50 05    BVC $cb79                       A:80 X:00 Y:00 P:46 SP:fb  STACK: 00 00 c6 05
cb74  b0 03    BCS $cb79                       A:80 X:00 Y:00 P:46 SP:fb  STACK: 00 00 c6 05
cb76  4c 7d cb JMP $cb7d = ea                  A:80 X:00 Y:00 P:46 SP:fb  STACK: 00 00 c6 05
cb7d  ea       NOP                             A:80 X:00 Y:00 P:46 SP:fb  STACK: 00 00 c6 05
cb7e  a9 55    LDA #$55                        A:80 X:00 Y:00 P:46 SP:fb  STACK: 00 00 c6 05
cb80  a2 aa    LDX #$aa                        A:55 X:00 Y:00 P:44 SP:fb  STACK: 00 00 c6 05
cb82  a0 33    LDY #$33                        A:55 X:aa Y:00 P:c4 SP:fb  STACK: 00 00 c6 05
cb84  c9 55    CMP #$55                        A:55 X:aa Y:33 P:44 SP:fb  STACK: 00 00 c6 05
cb86  d0 23    BNE $cbab                       A:55 X:aa Y:33 P:47 SP:fb  STACK: 00 00 c6 05
cb88  e0 aa    CPX #$aa                        A:55 X:aa Y:33 P:47 SP:fb  STACK: 00 00 c6 05
cb8a  d0 1f    BNE $cbab                       A:55 X:aa Y:33 P:47 SP:fb  STACK: 00 00 c6 05
cb8c  c0 33    CPY #$33                        A:55 X:aa Y:33 P:47 SP:fb  STACK: 00 00 c6 05
cb8e  d0 1b    BNE $cbab                       A:55 X:aa Y:33 P:47 SP:fb  STACK: 00 00 c6 05
cb90  c9 55    CMP #$55                        A:55 X:aa Y:33 P:47 SP:fb  STACK: 00 00 c6 05
cb92  d0 17    BNE $cbab                       A:55 X:aa Y:33 P:47 SP:fb  STACK: 00 00 c6 05
cb94  e0 aa    CPX #$aa                        A:55 X:aa Y:33 P:47 SP:fb  STACK: 00 00 c6 05
cb96  d0 13    BNE $cbab                       A:55 X:aa Y:33 P:47 SP:fb  STACK: 00 00 c6 05
cb98  c0 33    CPY #$33                        A:55 X:aa Y:33 P:47 SP:fb  STACK: 00 00 c6 05
cb9a  d0 0f    BNE $cbab                       A:55 X:aa Y:33 P:47 SP:fb  STACK: 00 00 c6 05
cb9c  c9 56    CMP #$56                        A:55 X:aa Y:33 P:47 SP:fb  STACK: 00 00 c6 05
cb9e  f0 0b    BEQ $cbab                       A:55 X:aa Y:33 P:c4 SP:fb  STACK: 00 00 c6 05
cba0  e0 ab    CPX #$ab                        A:55 X:aa Y:33 P:c4 SP:fb  STACK: 00 00 c6 05
cba2  f0 07    BEQ $cbab                       A:55 X:aa Y:33 P:c4 SP:fb  STACK: 00 00 c6 05
cba4  c0 34    CPY #$34                        A:55 X:aa Y:33 P:c4 SP:fb  STACK: 00 00 c6 05
cba6  f0 03    BEQ $cbab                       A:55 X:aa Y:33 P:c4 SP:fb  STACK: 00 00 c6 05
cba8  4c af cb JMP $cbaf = a0                  A:55 X:aa Y:33 P:c4 SP:fb  STACK: 00 00 c6 05
cbaf  a0 71    LDY #$71                        A:55 X:aa Y:33 P:c4 SP:fb  STACK: 00 00 c6 05
cbb1  20 31 f9 JSR $f931 = 24                  A:55 X:aa Y:71 P:44 SP:fb  STACK: 00 00 c6 05
f931  24 01    BIT $01 = ff                    A:55 X:aa Y:71 P:44 SP:f9  STACK: 00 00 c6 05 cb b3
f933  a9 40    LDA #$40                        A:55 X:aa Y:71 P:c4 SP:f9  STACK: 00 00 c6 05 cb b3
f935  38       SEC                             A:40 X:aa Y:71 P:44 SP:f9  STACK: 00 00 c6 05 cb b3
f936  60       RTS                             A:40 X:aa Y:71 P:45 SP:f9  STACK: 00 00 c6 05 cb b3
cbb4  e9 40    SBC #$40                        A:40 X:aa Y:71 P:45 SP:fb  STACK: 00 00 c6 05
cbb6  20 37 f9 JSR $f937 = 30                  A:40 X:aa Y:71 P:45 SP:fb  STACK: 00 00 c6 05
f937  30 0b    BMI $f944                       A:40 X:aa Y:71 P:45 SP:f9  STACK: 00 00 c6 05 cb b8
f939  90 09    BCC $f944                       A:40 X:aa Y:71 P:45 SP:f9  STACK: 00 00 c6 05 cb b8
f93b  d0 07    BNE $f944                       A:40 X:aa Y:71 P:45 SP:f9  STACK: 00 00 c6 05 cb b8
f944  84 00    STY $00 = 22                    A:40 X:aa Y:71 P:45 SP:f9  STACK: 00 00 c6 05 cb b8
f946  60       RTS                             A:40 X:aa Y:71 P:45 SP:f9  STACK: 00 00 c6 05 cb b8
cbb9  c8       INY                             A:40 X:aa Y:71 P:45 SP:fb  STACK: 00 00 c6 05
cbba  20 47 f9 JSR $f947 = b8                  A:40 X:aa Y:71 P:45 SP:fb  STACK: 00 00 c6 05
f947  b8       CLV                             A:40 X:aa Y:71 P:45 SP:f9  STACK: 00 00 c6 05 cb bc
f948  38       SEC                             A:40 X:aa Y:71 P:05 SP:f9  STACK: 00 00 c6 05 cb bc
f949  a9 40    LDA #$40                        A:40 X:aa Y:71 P:05 SP:f9  STACK: 00 00 c6 05 cb bc
f94b  60       RTS                             A:40 X:aa Y:71 P:05 SP:f9  STACK: 00 00 c6 05 cb bc
cbbd  e9 3f    SBC #$3f                        A:40 X:aa Y:71 P:05 SP:fb  STACK: 00 00 c6 05
cbbf  20 4c f9 JSR $f94c = f0                  A:40 X:aa Y:71 P:05 SP:fb  STACK: 00 00 c6 05
f94c  f0 0b    BEQ $f959                       A:40 X:aa Y:71 P:05 SP:f9  STACK: 00 00 c6 05 cb c1
f94e  30 09    BMI $f959                       A:40 X:aa Y:71 P:05 SP:f9  STACK: 00 00 c6 05 cb c1
f950  90 07    BCC $f959                       A:40 X:aa Y:71 P:05 SP:f9  STACK: 00 00 c6 05 cb c1
f952  70 05    BVS $f959                       A:40 X:aa Y:71 P:05 SP:f9  STACK: 00 00 c6 05 cb c1
f954  c9 01    CMP #$01                        A:40 X:aa Y:71 P:05 SP:f9  STACK: 00 00 c6 05 cb c1
f956  d0 01    BNE $f959                       A:40 X:aa Y:71 P:05 SP:f9  STACK: 00 00 c6 05 cb c1
f959  84 00    STY $00 = 71                    A:40 X:aa Y:71 P:05 SP:f9  STACK: 00 00 c6 05 cb c1
f95b  60       RTS                             A:40 X:aa Y:71 P:05 SP:f9  STACK: 00 00 c6 05 cb c1
cbc2  c8       INY                             A:40 X:aa Y:71 P:05 SP:fb  STACK: 00 00 c6 05
cbc3  20 5c f9 JSR $f95c = a9                  A:40 X:aa Y:71 P:05 SP:fb  STACK: 00 00 c6 05
f95c  a9 40    LDA #$40                        A:40 X:aa Y:71 P:05 SP:f9  STACK: 00 00 c6 05 cb c5
f95e  38       SEC                             A:40 X:aa Y:71 P:05 SP:f9  STACK: 00 00 c6 05 cb c5
f95f  24 01    BIT $01 = ff                    A:40 X:aa Y:71 P:05 SP:f9  STACK: 00 00 c6 05 cb c5
f961  60       RTS                             A:40 X:aa Y:71 P:c5 SP:f9  STACK: 00 00 c6 05 cb c5
cbc6  e9 41    SBC #$41                        A:40 X:aa Y:71 P:c5 SP:fb  STACK: 00 00 c6 05
cbc8  20 62 f9 JSR $f962 = b0                  A:40 X:aa Y:71 P:c5 SP:fb  STACK: 00 00 c6 05
f962  b0 0b    BCS $f96f                       A:40 X:aa Y:71 P:c5 SP:f9  STACK: 00 00 c6 05 cb ca
f96f  84 00    STY $00 = 71                    A:40 X:aa Y:71 P:c5 SP:f9  STACK: 00 00 c6 05 cb ca
f971  60       RTS                             A:40 X:aa Y:71 P:c5 SP:f9  STACK: 00 00 c6 05 cb ca
cbcb  c8       INY                             A:40 X:aa Y:71 P:c5 SP:fb  STACK: 00 00 c6 05
cbcc  20 72 f9 JSR $f972 = 18                  A:40 X:aa Y:71 P:c5 SP:fb  STACK: 00 00 c6 05
f972  18       CLC                             A:40 X:aa Y:71 P:c5 SP:f9  STACK: 00 00 c6 05 cb ce
f973  a9 80    LDA #$80                        A:40 X:aa Y:71 P:c4 SP:f9  STACK: 00 00 c6 05 cb ce
f975  60       RTS                             A:80 X:aa Y:71 P:c4 SP:f9  STACK: 00 00 c6 05 cb ce
cbcf  e9 00    SBC #$00                        A:80 X:aa Y:71 P:c4 SP:fb  STACK: 00 00 c6 05
cbd1  20 76 f9 JSR $f976 = 90                  A:80 X:aa Y:71 P:c4 SP:fb  STACK: 00 00 c6 05
f976  90 05    BCC $f97d                       A:80 X:aa Y:71 P:c4 SP:f9  STACK: 00 00 c6 05 cb d3
f97d  84 00    STY $00 = 71                    A:80 X:aa Y:71 P:c4 SP:f9  STACK: 00 00 c6 05 cb d3
f97f  60       RTS                             A:80 X:aa Y:71 P:c4 SP:f9  STACK: 00 00 c6 05 cb d3
cbd4  c8       INY                             A:80 X:aa Y:71 P:c4 SP:fb  STACK: 00 00 c6 05
cbd5  20 80 f9 JSR $f980 = 38                  A:80 X:aa Y:71 P:c4 SP:fb  STACK: 00 00 c6 05
f980  38       SEC                             A:80 X:aa Y:71 P:c4 SP:f9  STACK: 00 00 c6 05 cb d7
f981  a9 81    LDA #$81                        A:80 X:aa Y:71 P:c5 SP:f9  STACK: 00 00 c6 05 cb d7
f983  60       RTS                             A:81 X:aa Y:71 P:c5 SP:f9  STACK: 00 00 c6 05 cb d7
cbd8  e9 7f    SBC #$7f                        A:81 X:aa Y:71 P:c5 SP:fb  STACK: 00 00 c6 05
cbda  20 84 f9 JSR $f984 = 50                  A:81 X:aa Y:71 P:c5 SP:fb  STACK: 00 00 c6 05
f984  50 07    BVC $f98d                       A:81 X:aa Y:71 P:c5 SP:f9  STACK: 00 00 c6 05 cb dc
f986  90 05    BCC $f98d                       A:81 X:aa Y:71 P:c5 SP:f9  STACK: 00 00 c6 05 cb dc
f988  c9 02    CMP #$02                        A:81 X:aa Y:71 P:c5 SP:f9  STACK: 00 00 c6 05 cb dc
f98a  d0 01    BNE $f98d                       A:81 X:aa Y:71 P:45 SP:f9  STACK: 00 00 c6 05 cb dc
f98d  84 00    STY $00 = 71                    A:81 X:aa Y:71 P:45 SP:f9  STACK: 00 00 c6 05 cb dc
f98f  60       RTS                             A:81 X:aa Y:71 P:45 SP:f9  STACK: 00 00 c6 05 cb dc
cbdd  60       RTS                             A:81 X:aa Y:71 P:45 SP:fb  STACK: 00 00 c6 05
c606  20 de cb JSR $cbde = ea                  A:81 X:aa Y:71 P:45 SP:fd  STACK: 00 00
cbde  ea       NOP                             A:81 X:aa Y:71 P:45 SP:fb  STACK: 00 00 c6 08
cbdf  a9 ff    LDA #$ff                        A:81 X:aa Y:71 P:45 SP:fb  STACK: 00 00 c6 08
cbe1  85 01    STA $01 = ff                    A:ff X:aa Y:71 P:c5 SP:fb  STACK: 00 00 c6 08
cbe3  a9 44    LDA #$44                        A:ff X:aa Y:71 P:c5 SP:fb  STACK: 00 00 c6 08
cbe5  a2 55    LDX #$55                        A:44 X:aa Y:71 P:45 SP:fb  STACK: 00 00 c6 08
cbe7  a0 66    LDY #$66                        A:44 X:55 Y:71 P:45 SP:fb  STACK: 00 00 c6 08
cbe9  e8       INX                             A:44 X:55 Y:66 P:45 SP:fb  STACK: 00 00 c6 08
cbea  88       DEY                             A:44 X:55 Y:66 P:45 SP:fb  STACK: 00 00 c6 08
cbeb  e0 56    CPX #$56                        A:44 X:55 Y:66 P:45 SP:fb  STACK: 00 00 c6 08
cbed  d0 21    BNE $cc10                       A:44 X:55 Y:66 P:c4 SP:fb  STACK: 00 00 c6 08
cc10  a2 3e    LDX #$3e                        A:44 X:55 Y:66 P:c4 SP:fb  STACK: 00 00 c6 08
cc12  86 00    STX $00 = 71                    A:44 X:3e Y:66 P:44 SP:fb  STACK: 00 00 c6 08
cc14  ea       NOP                             A:44 X:3e Y:66 P:44 SP:fb  STACK: 00 00 c6 08
cc15  38       SEC                             A:44 X:3e Y:66 P:44 SP:fb  STACK: 00 00 c6 08
cc16  a2 69    LDX #$69                        A:44 X:3e Y:66 P:45 SP:fb  STACK: 00 00 c6 08
cc18  a9 96    LDA #$96                        A:44 X:69 Y:66 P:45 SP:fb  STACK: 00 00 c6 08
cc1a  24 01    BIT $01 = ff                    A:96 X:69 Y:66 P:c5 SP:fb  STACK: 00 00 c6 08
cc1c  a0 ff    LDY #$ff                        A:96 X:69 Y:66 P:c5 SP:fb  STACK: 00 00 c6 08
cc1e  c8       INY                             A:96 X:69 Y:ff P:c5 SP:fb  STACK: 00 00 c6 08
cc1f  d0 3d    BNE $cc5e                       A:96 X:69 Y:ff P:c5 SP:fb  STACK: 00 00 c6 08
cc5e  a2 3f    LDX #$3f                        A:96 X:69 Y:ff P:c5 SP:fb  STACK: 00 00 c6 08
cc60  86 00    STX $00 = 3e                    A:96 X:3f Y:ff P:45 SP:fb  STACK: 00 00 c6 08
cc62  ea       NOP                             A:96 X:3f Y:ff P:45 SP:fb  STACK: 00 00 c6 08
cc63  38       SEC                             A:96 X:3f Y:ff P:45 SP:fb  STACK: 00 00 c6 08
cc64  a0 69    LDY #$69                        A:96 X:3f Y:ff P:45 SP:fb  STACK: 00 00 c6 08
cc66  a9 96    LDA #$96                        A:96 X:3f Y:69 P:45 SP:fb  STACK: 00 00 c6 08
cc68  24 01    BIT $01 = ff                    A:96 X:3f Y:69 P:c5 SP:fb  STACK: 00 00 c6 08
cc6a  a2 ff    LDX #$ff                        A:96 X:3f Y:69 P:c5 SP:fb  STACK: 00 00 c6 08
cc6c  e8       INX                             A:96 X:ff Y:69 P:c5 SP:fb  STACK: 00 00 c6 08
cc6d  d0 3d    BNE $ccac                       A:96 X:ff Y:69 P:c5 SP:fb  STACK: 00 00 c6 08
ccac  a2 40    LDX #$40                        A:96 X:ff Y:69 P:c5 SP:fb  STACK: 00 00 c6 08
ccae  86 00    STX $00 = 3f                    A:96 X:40 Y:69 P:45 SP:fb  STACK: 00 00 c6 08
ccb0  ea       NOP                             A:96 X:40 Y:69 P:45 SP:fb  STACK: 00 00 c6 08
ccb1  a9 85    LDA #$85                        A:96 X:40 Y:69 P:45 SP:fb  STACK: 00 00 c6 08
ccb3  a2 34    LDX #$34                        A:85 X:40 Y:69 P:c5 SP:fb  STACK: 00 00 c6 08
ccb5  a0 99    LDY #$99                        A:85 X:34 Y:69 P:45 SP:fb  STACK: 00 00 c6 08
ccb7  18       CLC                             A:85 X:34 Y:99 P:c5 SP:fb  STACK: 00 00 c6 08
ccb8  24 01    BIT $01 = ff                    A:85 X:34 Y:99 P:c4 SP:fb  STACK: 00 00 c6 08
ccba  a8       TAY                             A:85 X:34 Y:99 P:c4 SP:fb  STACK: 00 00 c6 08
ccbb  f0 2e    BEQ $cceb                       A:85 X:34 Y:85 P:c4 SP:fb  STACK: 00 00 c6 08
ccbd  b0 2c    BCS $cceb                       A:85 X:34 Y:85 P:c4 SP:fb  STACK: 00 00 c6 08
ccbf  50 2a    BVC $cceb                       A:85 X:34 Y:85 P:c4 SP:fb  STACK: 00 00 c6 08
ccc1  10 28    BPL $cceb                       A:85 X:34 Y:85 P:c4 SP:fb  STACK: 00 00 c6 08
ccc3  c9 85    CMP #$85                        A:85 X:34 Y:85 P:c4 SP:fb  STACK: 00 00 c6 08
ccc5  d0 24    BNE $cceb                       A:85 X:34 Y:85 P:47 SP:fb  STACK: 00 00 c6 08
ccc7  e0 34    CPX #$34                        A:85 X:34 Y:85 P:47 SP:fb  STACK: 00 00 c6 08
ccc9  d0 20    BNE $cceb                       A:85 X:34 Y:85 P:47 SP:fb  STACK: 00 00 c6 08
cccb  c0 85    CPY #$85                        A:85 X:34 Y:85 P:47 SP:fb  STACK: 00 00 c6 08
cccd  d0 1c    BNE $cceb                       A:85 X:34 Y:85 P:47 SP:fb  STACK: 00 00 c6 08
cccf  a9 00    LDA #$00                        A:85 X:34 Y:85 P:47 SP:fb  STACK: 00 00 c6 08
ccd1  38       SEC                             A:00 X:34 Y:85 P:47 SP:fb  STACK: 00 00 c6 08
ccd2  b8       CLV                             A:00 X:34 Y:85 P:47 SP:fb  STACK: 00 00 c6 08
ccd3  a8       TAY                             A:00 X:34 Y:85 P:07 SP:fb  STACK: 00 00 c6 08
ccd4  d0 15    BNE $cceb                       A:00 X:34 Y:00 P:07 SP:fb  STACK: 00 00 c6 08
ccd6  90 13    BCC $cceb                       A:00 X:34 Y:00 P:07 SP:fb  STACK: 00 00 c6 08
ccd8  70 11    BVS $cceb                       A:00 X:34 Y:00 P:07 SP:fb  STACK: 00 00 c6 08
ccda  30 0f    BMI $cceb                       A:00 X:34 Y:00 P:07 SP:fb  STACK: 00 00 c6 08
ccdc  c9 00    CMP #$00                        A:00 X:34 Y:00 P:07 SP:fb  STACK: 00 00 c6 08
ccde  d0 0b    BNE $cceb                       A:00 X:34 Y:00 P:07 SP:fb  STACK: 00 00 c6 08
cce0  e0 34    CPX #$34                        A:00 X:34 Y:00 P:07 SP:fb  STACK: 00 00 c6 08
cce2  d0 07    BNE $cceb                       A:00 X:34 Y:00 P:07 SP:fb  STACK: 00 00 c6 08
cce4  c0 00    CPY #$00                        A:00 X:34 Y:00 P:07 SP:fb  STACK: 00 00 c6 08
cce6  d0 03    BNE $cceb                       A:00 X:34 Y:00 P:07 SP:fb  STACK: 00 00 c6 08
cce8  4c ef cc JMP $ccef = ea                  A:00 X:34 Y:00 P:07 SP:fb  STACK: 00 00 c6 08
ccef  ea       NOP                             A:00 X:34 Y:00 P:07 SP:fb  STACK: 00 00 c6 08
ccf0  a9 85    LDA #$85                        A:00 X:34 Y:00 P:07 SP:fb  STACK: 00 00 c6 08
ccf2  a2 34    LDX #$34                        A:85 X:34 Y:00 P:85 SP:fb  STACK: 00 00 c6 08
ccf4  a0 99    LDY #$99                        A:85 X:34 Y:00 P:05 SP:fb  STACK: 00 00 c6 08
ccf6  18       CLC                             A:85 X:34 Y:99 P:85 SP:fb  STACK: 00 00 c6 08
ccf7  24 01    BIT $01 = ff                    A:85 X:34 Y:99 P:84 SP:fb  STACK: 00 00 c6 08
ccf9  aa       TAX                             A:85 X:34 Y:99 P:c4 SP:fb  STACK: 00 00 c6 08
ccfa  f0 2e    BEQ $cd2a                       A:85 X:85 Y:99 P:c4 SP:fb  STACK: 00 00 c6 08
ccfc  b0 2c    BCS $cd2a                       A:85 X:85 Y:99 P:c4 SP:fb  STACK: 00 00 c6 08
ccfe  50 2a    BVC $cd2a                       A:85 X:85 Y:99 P:c4 SP:fb  STACK: 00 00 c6 08
cd00  10 28    BPL $cd2a                       A:85 X:85 Y:99 P:c4 SP:fb  STACK: 00 00 c6 08
cd02  c9 85    CMP #$85                        A:85 X:85 Y:99 P:c4 SP:fb  STACK: 00 00 c6 08
cd04  d0 24    BNE $cd2a                       A:85 X:85 Y:99 P:47 SP:fb  STACK: 00 00 c6 08
cd06  e0 85    CPX #$85                        A:85 X:85 Y:99 P:47 SP:fb  STACK: 00 00 c6 08
cd08  d0 20    BNE $cd2a                       A:85 X:85 Y:99 P:47 SP:fb  STACK: 00 00 c6 08
cd0a  c0 99    CPY #$99                        A:85 X:85 Y:99 P:47 SP:fb  STACK: 00 00 c6 08
cd0c  d0 1c    BNE $cd2a                       A:85 X:85 Y:99 P:47 SP:fb  STACK: 00 00 c6 08
cd0e  a9 00    LDA #$00                        A:85 X:85 Y:99 P:47 SP:fb  STACK: 00 00 c6 08
cd10  38       SEC                             A:00 X:85 Y:99 P:47 SP:fb  STACK: 00 00 c6 08
cd11  b8       CLV                             A:00 X:85 Y:99 P:47 SP:fb  STACK: 00 00 c6 08
cd12  aa       TAX                             A:00 X:85 Y:99 P:07 SP:fb  STACK: 00 00 c6 08
cd13  d0 15    BNE $cd2a                       A:00 X:00 Y:99 P:07 SP:fb  STACK: 00 00 c6 08
cd15  90 13    BCC $cd2a                       A:00 X:00 Y:99 P:07 SP:fb  STACK: 00 00 c6 08
cd17  70 11    BVS $cd2a                       A:00 X:00 Y:99 P:07 SP:fb  STACK: 00 00 c6 08
cd19  30 0f    BMI $cd2a                       A:00 X:00 Y:99 P:07 SP:fb  STACK: 00 00 c6 08
cd1b  c9 00    CMP #$00                        A:00 X:00 Y:99 P:07 SP:fb  STACK: 00 00 c6 08
cd1d  d0 0b    BNE $cd2a                       A:00 X:00 Y:99 P:07 SP:fb  STACK: 00 00 c6 08
cd1f  e0 00    CPX #$00                        A:00 X:00 Y:99 P:07 SP:fb  STACK: 00 00 c6 08
cd21  d0 07    BNE $cd2a                       A:00 X:00 Y:99 P:07 SP:fb  STACK: 00 00 c6 08
cd23  c0 99    CPY #$99                        A:00 X:00 Y:99 P:07 SP:fb  STACK: 00 00 c6 08
cd25  d0 03    BNE $cd2a                       A:00 X:00 Y:99 P:07 SP:fb  STACK: 00 00 c6 08
cd27  4c 2e cd JMP $cd2e = ea                  A:00 X:00 Y:99 P:07 SP:fb  STACK: 00 00 c6 08
cd2e  ea       NOP                             A:00 X:00 Y:99 P:07 SP:fb  STACK: 00 00 c6 08
cd2f  a9 85    LDA #$85                        A:00 X:00 Y:99 P:07 SP:fb  STACK: 00 00 c6 08
cd31  a2 34    LDX #$34                        A:85 X:00 Y:99 P:85 SP:fb  STACK: 00 00 c6 08
cd33  a0 99    LDY #$99                        A:85 X:34 Y:99 P:05 SP:fb  STACK: 00 00 c6 08
cd35  18       CLC                             A:85 X:34 Y:99 P:85 SP:fb  STACK: 00 00 c6 08
cd36  24 01    BIT $01 = ff                    A:85 X:34 Y:99 P:84 SP:fb  STACK: 00 00 c6 08
cd38  98       TYA                             A:85 X:34 Y:99 P:c4 SP:fb  STACK: 00 00 c6 08
cd39  f0 2e    BEQ $cd69                       A:99 X:34 Y:99 P:c4 SP:fb  STACK: 00 00 c6 08
cd3b  b0 2c    BCS $cd69                       A:99 X:34 Y:99 P:c4 SP:fb  STACK: 00 00 c6 08
cd3d  50 2a    BVC $cd69                       A:99 X:34 Y:99 P:c4 SP:fb  STACK: 00 00 c6 08
cd3f  10 28    BPL $cd69                       A:99 X:34 Y:99 P:c4 SP:fb  STACK: 00 00 c6 08
cd41  c9 99    CMP #$99                        A:99 X:34 Y:99 P:c4 SP:fb  STACK: 00 00 c6 08
cd43  d0 24    BNE $cd69                       A:99 X:34 Y:99 P:47 SP:fb  STACK: 00 00 c6 08
cd45  e0 34    CPX #$34                        A:99 X:34 Y:99 P:47 SP:fb  STACK: 00 00 c6 08
cd47  d0 20    BNE $cd69                       A:99 X:34 Y:99 P:47 SP:fb  STACK: 00 00 c6 08
cd49  c0 99    CPY #$99                        A:99 X:34 Y:99 P:47 SP:fb  STACK: 00 00 c6 08
cd4b  d0 1c    BNE $cd69                       A:99 X:34 Y:99 P:47 SP:fb  STACK: 00 00 c6 08
cd4d  a0 00    LDY #$00                        A:99 X:34 Y:99 P:47 SP:fb  STACK: 00 00 c6 08
cd4f  38       SEC                             A:99 X:34 Y:00 P:47 SP:fb  STACK: 00 00 c6 08
cd50  b8       CLV                             A:99 X:34 Y:00 P:47 SP:fb  STACK: 00 00 c6 08
cd51  98       TYA                             A:99 X:34 Y:00 P:07 SP:fb  STACK: 00 00 c6 08
cd52  d0 15    BNE $cd69                       A:00 X:34 Y:00 P:07 SP:fb  STACK: 00 00 c6 08
cd54  90 13    BCC $cd69                       A:00 X:34 Y:00 P:07 SP:fb  STACK: 00 00 c6 08
cd56  70 11    BVS $cd69                       A:00 X:34 Y:00 P:07 SP:fb  STACK: 00 00 c6 08
cd58  30 0f    BMI $cd69                       A:00 X:34 Y:00 P:07 SP:fb  STACK: 00 00 c6 08
cd5a  c9 00    CMP #$00                        A:00 X:34 Y:00 P:07 SP:fb  STACK: 00 00 c6 08
cd5c  d0 0b    BNE $cd69                       A:00 X:34 Y:00 P:07 SP:fb  STACK: 00 00 c6 08
cd5e  e0 34    CPX #$34                        A:00 X:34 Y:00 P:07 SP:fb  STACK: 00 00 c6 08
cd60  d0 07    BNE $cd69                       A:00 X:34 Y:00 P:07 SP:fb  STACK: 00 00 c6 08
cd62  c0 00    CPY #$00                        A:00 X:34 Y:00 P:07 SP:fb  STACK: 00 00 c6 08
cd64  d0 03    BNE $cd69                       A:00 X:34 Y:00 P:07 SP:fb  STACK: 00 00 c6 08
cd66  4c 6d cd JMP $cd6d = ea                  A:00 X:34 Y:00 P:07 SP:fb  STACK: 00 00 c6 08
cd6d  ea       NOP                             A:00 X:34 Y:00 P:07 SP:fb  STACK: 00 00 c6 08
cd6e  a9 85    LDA #$85                        A:00 X:34 Y:00 P:07 SP:fb  STACK: 00 00 c6 08
cd70  a2 34    LDX #$34                        A:85 X:34 Y:00 P:85 SP:fb  STACK: 00 00 c6 08
cd72  a0 99    LDY #$99                        A:85 X:34 Y:00 P:05 SP:fb  STACK: 00 00 c6 08
cd74  18       CLC                             A:85 X:34 Y:99 P:85 SP:fb  STACK: 00 00 c6 08
cd75  24 01    BIT $01 = ff                    A:85 X:34 Y:99 P:84 SP:fb  STACK: 00 00 c6 08
cd77  8a       TXA                             A:85 X:34 Y:99 P:c4 SP:fb  STACK: 00 00 c6 08
cd78  f0 2e    BEQ $cda8                       A:34 X:34 Y:99 P:44 SP:fb  STACK: 00 00 c6 08
cd7a  b0 2c    BCS $cda8                       A:34 X:34 Y:99 P:44 SP:fb  STACK: 00 00 c6 08
cd7c  50 2a    BVC $cda8                       A:34 X:34 Y:99 P:44 SP:fb  STACK: 00 00 c6 08
cd7e  30 28    BMI $cda8                       A:34 X:34 Y:99 P:44 SP:fb  STACK: 00 00 c6 08
cd80  c9 34    CMP #$34                        A:34 X:34 Y:99 P:44 SP:fb  STACK: 00 00 c6 08
cd82  d0 24    BNE $cda8                       A:34 X:34 Y:99 P:47 SP:fb  STACK: 00 00 c6 08
cd84  e0 34    CPX #$34                        A:34 X:34 Y:99 P:47 SP:fb  STACK: 00 00 c6 08
cd86  d0 20    BNE $cda8                       A:34 X:34 Y:99 P:47 SP:fb  STACK: 00 00 c6 08
cd88  c0 99    CPY #$99                        A:34 X:34 Y:99 P:47 SP:fb  STACK: 00 00 c6 08
cd8a  d0 1c    BNE $cda8                       A:34 X:34 Y:99 P:47 SP:fb  STACK: 00 00 c6 08
cd8c  a2 00    LDX #$00                        A:34 X:34 Y:99 P:47 SP:fb  STACK: 00 00 c6 08
cd8e  38       SEC                             A:34 X:00 Y:99 P:47 SP:fb  STACK: 00 00 c6 08
cd8f  b8       CLV                             A:34 X:00 Y:99 P:47 SP:fb  STACK: 00 00 c6 08
cd90  8a       TXA                             A:34 X:00 Y:99 P:07 SP:fb  STACK: 00 00 c6 08
cd91  d0 15    BNE $cda8                       A:00 X:00 Y:99 P:07 SP:fb  STACK: 00 00 c6 08
cd93  90 13    BCC $cda8                       A:00 X:00 Y:99 P:07 SP:fb  STACK: 00 00 c6 08
cd95  70 11    BVS $cda8                       A:00 X:00 Y:99 P:07 SP:fb  STACK: 00 00 c6 08
cd97  30 0f    BMI $cda8                       A:00 X:00 Y:99 P:07 SP:fb  STACK: 00 00 c6 08
cd99  c9 00    CMP #$00                        A:00 X:00 Y:99 P:07 SP:fb  STACK: 00 00 c6 08
cd9b  d0 0b    BNE $cda8                       A:00 X:00 Y:99 P:07 SP:fb  STACK: 00 00 c6 08
cd9d  e0 00    CPX #$00                        A:00 X:00 Y:99 P:07 SP:fb  STACK: 00 00 c6 08
cd9f  d0 07    BNE $cda8                       A:00 X:00 Y:99 P:07 SP:fb  STACK: 00 00 c6 08
cda1  c0 99    CPY #$99                        A:00 X:00 Y:99 P:07 SP:fb  STACK: 00 00 c6 08
cda3  d0 03    BNE $cda8                       A:00 X:00 Y:99 P:07 SP:fb  STACK: 00 00 c6 08
cda5  4c ac cd JMP $cdac = ea                  A:00 X:00 Y:99 P:07 SP:fb  STACK: 00 00 c6 08
cdac  ea       NOP                             A:00 X:00 Y:99 P:07 SP:fb  STACK: 00 00 c6 08
cdad  ba       TSX                             A:00 X:00 Y:99 P:07 SP:fb  STACK: 00 00 c6 08
