c000  4c f5 c5 JMP $c5f5 = a2                  A:00 X:00 Y:00 P:24 SP:fd
c5f5  a2 00    LDX #$00                        A:00 X:00 Y:00 P:24 SP:fd
c5f7  86 00    STX $00 = 00                    A:00 X:00 Y:00 P:26 SP:fd
c5f9  86 10    STX $10 = 00                    A:00 X:00 Y:00 P:26 SP:fd
c5fb  86 11    STX $11 = 00                    A:00 X:00 Y:00 P:26 SP:fd
c5fd  20 2d c7 JSR $c72d = ea                  A:00 X:00 Y:00 P:26 SP:fd
c72d  ea       NOP                             A:00 X:00 Y:00 P:26 SP:fb
c72e  38       SEC                             A:00 X:00 Y:00 P:26 SP:fb
c72f  b0 04    BCS $c735                       A:00 X:00 Y:00 P:27 SP:fb
c735  ea       NOP                             A:00 X:00 Y:00 P:27 SP:fb
c736  18       CLC                             A:00 X:00 Y:00 P:27 SP:fb
c737  b0 03    BCS $c73c                       A:00 X:00 Y:00 P:26 SP:fb
c739  4c 40 c7 JMP $c740 = ea                  A:00 X:00 Y:00 P:26 SP:fb
c740  ea       NOP                             A:00 X:00 Y:00 P:26 SP:fb
c741  38       SEC                             A:00 X:00 Y:00 P:26 SP:fb
c742  90 03    BCC $c747                       A:00 X:00 Y:00 P:27 SP:fb
c744  4c 4b c7 JMP $c74b = ea                  A:00 X:00 Y:00 P:27 SP:fb
c74b  ea       NOP                             A:00 X:00 Y:00 P:27 SP:fb
c74c  18       CLC                             A:00 X:00 Y:00 P:27 SP:fb
c74d  90 04    BCC $c753                       A:00 X:00 Y:00 P:26 SP:fb
c753  ea       NOP                             A:00 X:00 Y:00 P:26 SP:fb
c754  a9 00    LDA #$00                        A:00 X:00 Y:00 P:26 SP:fb
c756  f0 04    BEQ $c75c                       A:00 X:00 Y:00 P:26 SP:fb
c75c  ea       NOP                             A:00 X:00 Y:00 P:26 SP:fb
c75d  a9 40    LDA #$40                        A:00 X:00 Y:00 P:26 SP:fb
c75f  f0 03    BEQ $c764                       A:40 X:00 Y:00 P:24 SP:fb
c761  4c 68 c7 JMP $c768 = ea                  A:40 X:00 Y:00 P:24 SP:fb
c768  ea       NOP                             A:40 X:00 Y:00 P:24 SP:fb
c769  a9 40    LDA #$40                        A:40 X:00 Y:00 P:24 SP:fb
c76b  d0 04    BNE $c771                       A:40 X:00 Y:00 P:24 SP:fb
c771  ea       NOP                             A:40 X:00 Y:00 P:24 SP:fb
c772  a9 00    LDA #$00                        A:40 X:00 Y:00 P:24 SP:fb
c774  d0 03    BNE $c779                       A:00 X:00 Y:00 P:26 SP:fb
c776  4c 7d c7 JMP $c77d = ea                  A:00 X:00 Y:00 P:26 SP:fb
c77d  ea       NOP                             A:00 X:00 Y:00 P:26 SP:fb
c77e  a9 ff    LDA #$ff                        A:00 X:00 Y:00 P:26 SP:fb
c780  85 01    STA $01 = 00                    A:ff X:00 Y:00 P:a4 SP:fb
c782  24 01    BIT $01 = ff                    A:ff X:00 Y:00 P:a4 SP:fb
c784  70 04    BVS $c78a                       A:ff X:00 Y:00 P:e4 SP:fb
c78a  ea       NOP                             A:ff X:00 Y:00 P:e4 SP:fb
c78b  24 01    BIT $01 = ff                    A:ff X:00 Y:00 P:e4 SP:fb
c78d  50 03    BVC $c792                       A:ff X:00 Y:00 P:e4 SP:fb
c78f  4c 96 c7 JMP $c796 = ea                  A:ff X:00 Y:00 P:e4 SP:fb
c796  ea       NOP                             A:ff X:00 Y:00 P:e4 SP:fb
c797  a9 00    LDA #$00                        A:ff X:00 Y:00 P:e4 SP:fb
c799  85 01    STA $01 = ff                    A:00 X:00 Y:00 P:66 SP:fb
c79b  24 01    BIT $01 = 00                    A:00 X:00 Y:00 P:66 SP:fb
c79d  50 04    BVC $c7a3                       A:00 X:00 Y:00 P:26 SP:fb
c7a3  ea       NOP                             A:00 X:00 Y:00 P:26 SP:fb
c7a4  24 01    BIT $01 = 00                    A:00 X:00 Y:00 P:26 SP:fb
c7a6  70 03    BVS $c7ab                       A:00 X:00 Y:00 P:26 SP:fb
c7a8  4c af c7 JMP $c7af = ea                  A:00 X:00 Y:00 P:26 SP:fb
c7af  ea       NOP                             A:00 X:00 Y:00 P:26 SP:fb
c7b0  a9 00    LDA #$00                        A:00 X:00 Y:00 P:26 SP:fb
c7b2  10 04    BPL $c7b8                       A:00 X:00 Y:00 P:26 SP:fb
c7b8  ea       NOP                             A:00 X:00 Y:00 P:26 SP:fb
c7b9  a9 80    LDA #$80                        A:00 X:00 Y:00 P:26 SP:fb
c7bb  10 03    BPL $c7c0                       A:80 X:00 Y:00 P:a4 SP:fb
c7bd  4c d9 c7 JMP $c7d9 = ea                  A:80 X:00 Y:00 P:a4 SP:fb
c7d9  ea       NOP                             A:80 X:00 Y:00 P:a4 SP:fb
c7da  60       RTS                             A:80 X:00 Y:00 P:a4 SP:fb
c600  20 db c7 JSR $c7db = ea                  A:80 X:00 Y:00 P:a4 SP:fd
c7db  ea       NOP                             A:80 X:00 Y:00 P:a4 SP:fb
c7dc  a9 ff    LDA #$ff                        A:80 X:00 Y:00 P:a4 SP:fb
c7de  85 01    STA $01 = 00                    A:ff X:00 Y:00 P:a4 SP:fb
c7e0  24 01    BIT $01 = ff                    A:ff X:00 Y:00 P:a4 SP:fb
c7e2  a9 00    LDA #$00                        A:ff X:00 Y:00 P:e4 SP:fb
c7e4  38       SEC                             A:00 X:00 Y:00 P:66 SP:fb
c7e5  78       SEI                             A:00 X:00 Y:00 P:67 SP:fb
c7e6  f8       SED                             A:00 X:00 Y:00 P:67 SP:fb
c7e7  08       PHP                             A:00 X:00 Y:00 P:6f SP:fb
c7e8  68       PLA                             A:00 X:00 Y:00 P:6f SP:fa
c7e9  29 ef    AND #$ef                        A:6f X:00 Y:00 P:6d SP:fb
c7eb  c9 6f    CMP #$6f                        A:6f X:00 Y:00 P:6d SP:fb
c7ed  f0 04    BEQ $c7f3                       A:6f X:00 Y:00 P:6f SP:fb
c7f3  ea       NOP                             A:6f X:00 Y:00 P:6f SP:fb
c7f4  a9 40    LDA #$40                        A:6f X:00 Y:00 P:6f SP:fb
c7f6  85 01    STA $01 = ff                    A:40 X:00 Y:00 P:6d SP:fb
c7f8  24 01    BIT $01 = 40                    A:40 X:00 Y:00 P:6d SP:fb
c7fa  d8       CLD                             A:40 X:00 Y:00 P:6d SP:fb
c7fb  a9 10    LDA #$10                        A:40 X:00 Y:00 P:65 SP:fb
c7fd  18       CLC                             A:10 X:00 Y:00 P:65 SP:fb
c7fe  08       PHP                             A:10 X:00 Y:00 P:64 SP:fb
c7ff  68       PLA                             A:10 X:00 Y:00 P:64 SP:fa
c800  29 ef    AND #$ef                        A:64 X:00 Y:00 P:64 SP:fb
c802  c9 64    CMP #$64                        A:64 X:00 Y:00 P:64 SP:fb
c804  f0 04    BEQ $c80a                       A:64 X:00 Y:00 P:67 SP:fb
c80a  ea       NOP                             A:64 X:00 Y:00 P:67 SP:fb
c80b  a9 80    LDA #$80                        A:64 X:00 Y:00 P:67 SP:fb
c80d  85 01    STA $01 = 40                    A:80 X:00 Y:00 P:e5 SP:fb
c80f  24 01    BIT $01 = 80                    A:80 X:00 Y:00 P:e5 SP:fb
c811  f8       SED                             A:80 X:00 Y:00 P:a5 SP:fb
c812  a9 00    LDA #$00                        A:80 X:00 Y:00 P:ad SP:fb
c814  38       SEC                             A:00 X:00 Y:00 P:2f SP:fb
c815  08       PHP                             A:00 X:00 Y:00 P:2f SP:fb
c816  68       PLA                             A:00 X:00 Y:00 P:2f SP:fa
c817  29 ef    AND #$ef                        A:2f X:00 Y:00 P:2d SP:fb
c819  c9 2f    CMP #$2f                        A:2f X:00 Y:00 P:2d SP:fb
c81b  f0 04    BEQ $c821                       A:2f X:00 Y:00 P:2f SP:fb
c821  ea       NOP                             A:2f X:00 Y:00 P:2f SP:fb
c822  a9 ff    LDA #$ff                        A:2f X:00 Y:00 P:2f SP:fb
c824  48       PHA                             A:ff X:00 Y:00 P:ad SP:fb
c825  28       PLP                             A:ff X:00 Y:00 P:ad SP:fa
c826  d0 09    BNE $c831                       A:ff X:00 Y:00 P:ff SP:fb
c828  10 07    BPL $c831                       A:ff X:00 Y:00 P:ff SP:fb
c82a  50 05    BVC $c831                       A:ff X:00 Y:00 P:ff SP:fb
c82c  90 03    BCC $c831                       A:ff X:00 Y:00 P:ff SP:fb
c82e  4c 35 c8 JMP $c835 = ea                  A:ff X:00 Y:00 P:ff SP:fb
c835  ea       NOP                             A:ff X:00 Y:00 P:ff SP:fb
c836  a9 04    LDA #$04                        A:ff X:00 Y:00 P:ff SP:fb
c838  48       PHA                             A:04 X:00 Y:00 P:7d SP:fb
c839  28       PLP                             A:04 X:00 Y:00 P:7d SP:fa
c83a  f0 09    BEQ $c845                       A:04 X:00 Y:00 P:04 SP:fb
c83c  30 07    BMI $c845                       A:04 X:00 Y:00 P:04 SP:fb
c83e  70 05    BVS $c845                       A:04 X:00 Y:00 P:04 SP:fb
c840  b0 03    BCS $c845                       A:04 X:00 Y:00 P:04 SP:fb
c842  4c 49 c8 JMP $c849 = ea                  A:04 X:00 Y:00 P:04 SP:fb
c849  ea       NOP                             A:04 X:00 Y:00 P:04 SP:fb
c84a  f8       SED                             A:04 X:00 Y:00 P:04 SP:fb
c84b  a9 ff    LDA #$ff                        A:04 X:00 Y:00 P:0c SP:fb
c84d  85 01    STA $01 = 80                    A:ff X:00 Y:00 P:8c SP:fb
c84f  24 01    BIT $01 = ff                    A:ff X:00 Y:00 P:8c SP:fb
c851  18       CLC                             A:ff X:00 Y:00 P:cc SP:fb
c852  a9 00    LDA #$00                        A:ff X:00 Y:00 P:cc SP:fb
c854  48       PHA                             A:00 X:00 Y:00 P:4e SP:fb
c855  a9 ff    LDA #$ff                        A:00 X:00 Y:00 P:4e SP:fa
c857  68       PLA                             A:ff X:00 Y:00 P:cc SP:fa
c858  d0 09    BNE $c863                       A:00 X:00 Y:00 P:4e SP:fb
c85a  30 07    BMI $c863                       A:00 X:00 Y:00 P:4e SP:fb
c85c  50 05    BVC $c863                       A:00 X:00 Y:00 P:4e SP:fb
c85e  b0 03    BCS $c863                       A:00 X:00 Y:00 P:4e SP:fb
c860  4c 67 c8 JMP $c867 = ea                  A:00 X:00 Y:00 P:4e SP:fb
c867  ea       NOP                             A:00 X:00 Y:00 P:4e SP:fb
c868  a9 00    LDA #$00                        A:00 X:00 Y:00 P:4e SP:fb
c86a  85 01    STA $01 = ff                    A:00 X:00 Y:00 P:4e SP:fb
c86c  24 01    BIT $01 = 00                    A:00 X:00 Y:00 P:4e SP:fb
c86e  38       SEC                             A:00 X:00 Y:00 P:0e SP:fb
c86f  a9 ff    LDA #$ff                        A:00 X:00 Y:00 P:0f SP:fb
c871  48       PHA                             A:ff X:00 Y:00 P:8d SP:fb
c872  a9 00    LDA #$00                        A:ff X:00 Y:00 P:8d SP:fa
c874  68       PLA                             A:00 X:00 Y:00 P:0f SP:fa
c875  f0 09    BEQ $c880                       A:ff X:00 Y:00 P:8d SP:fb
c877  10 07    BPL $c880                       A:ff X:00 Y:00 P:8d SP:fb
c879  70 05    BVS $c880                       A:ff X:00 Y:00 P:8d SP:fb
c87b  90 03    BCC $c880                       A:ff X:00 Y:00 P:8d SP:fb
c87d  4c 84 c8 JMP $c884 = 60                  A:ff X:00 Y:00 P:8d SP:fb
c884  60       RTS                             A:ff X:00 Y:00 P:8d SP:fb
c603  20 85 c8 JSR $c885 = ea                  A:ff X:00 Y:00 P:8d SP:fd
c885  ea       NOP                             A:ff X:00 Y:00 P:8d SP:fb
c886  18       CLC                             A:ff X:00 Y:00 P:8d SP:fb
c887  a9 ff    LDA #$ff                        A:ff X:00 Y:00 P:8c SP:fb
c889  85 01    STA $01 = 00                    A:ff X:00 Y:00 P:8c SP:fb
c88b  24 01    BIT $01 = ff                    A:ff X:00 Y:00 P:8c SP:fb
c88d  a9 55    LDA #$55                        A:ff X:00 Y:00 P:cc SP:fb
c88f  09 aa    ORA #$aa                        A:55 X:00 Y:00 P:4c SP:fb
c891  b0 0b    BCS $c89e                       A:ff X:00 Y:00 P:cc SP:fb
c893  10 09    BPL $c89e                       A:ff X:00 Y:00 P:cc SP:fb
c895  c9 ff    CMP #$ff                        A:ff X:00 Y:00 P:cc SP:fb
c897  d0 05    BNE $c89e                       A:ff X:00 Y:00 P:4f SP:fb
c899  50 03    BVC $c89e                       A:ff X:00 Y:00 P:4f SP:fb
c89b  4c a2 c8 JMP $c8a2 = ea                  A:ff X:00 Y:00 P:4f SP:fb
c8a2  ea       NOP                             A:ff X:00 Y:00 P:4f SP:fb
c8a3  38       SEC                             A:ff X:00 Y:00 P:4f SP:fb
c8a4  b8       CLV                             A:ff X:00 Y:00 P:4f SP:fb
c8a5  a9 00    LDA #$00                        A:ff X:00 Y:00 P:0f SP:fb
c8a7  09 00    ORA #$00                        A:00 X:00 Y:00 P:0f SP:fb
c8a9  d0 09    BNE $c8b4                       A:00 X:00 Y:00 P:0f SP:fb
c8ab  70 07    BVS $c8b4                       A:00 X:00 Y:00 P:0f SP:fb
c8ad  90 05    BCC $c8b4                       A:00 X:00 Y:00 P:0f SP:fb
c8af  30 03    BMI $c8b4                       A:00 X:00 Y:00 P:0f SP:fb
c8b1  4c b8 c8 JMP $c8b8 = ea                  A:00 X:00 Y:00 P:0f SP:fb
c8b8  ea       NOP                             A:00 X:00 Y:00 P:0f SP:fb
c8b9  18       CLC                             A:00 X:00 Y:00 P:0f SP:fb
c8ba  24 01    BIT $01 = ff                    A:00 X:00 Y:00 P:0e SP:fb
c8bc  a9 55    LDA #$55                        A:00 X:00 Y:00 P:ce SP:fb
c8be  29 aa    AND #$aa                        A:55 X:00 Y:00 P:4c SP:fb
c8c0  d0 09    BNE $c8cb                       A:00 X:00 Y:00 P:4e SP:fb
c8c2  50 07    BVC $c8cb                       A:00 X:00 Y:00 P:4e SP:fb
c8c4  b0 05    BCS $c8cb                       A:00 X:00 Y:00 P:4e SP:fb
c8c6  30 03    BMI $c8cb                       A:00 X:00 Y:00 P:4e SP:fb
c8c8  4c cf c8 JMP $c8cf = ea                  A:00 X:00 Y:00 P:4e SP:fb
c8cf  ea       NOP                             A:00 X:00 Y:00 P:4e SP:fb
c8d0  38       SEC                             A:00 X:00 Y:00 P:4e SP:fb
c8d1  b8       CLV                             A:00 X:00 Y:00 P:4f SP:fb
c8d2  a9 f8    LDA #$f8                        A:00 X:00 Y:00 P:0f SP:fb
c8d4  29 ef    AND #$ef                        A:f8 X:00 Y:00 P:8d SP:fb
c8d6  90 0b    BCC $c8e3                       A:e8 X:00 Y:00 P:8d SP:fb
c8d8  10 09    BPL $c8e3                       A:e8 X:00 Y:00 P:8d SP:fb
c8da  c9 e8    CMP #$e8                        A:e8 X:00 Y:00 P:8d SP:fb
c8dc  d0 05    BNE $c8e3                       A:e8 X:00 Y:00 P:0f SP:fb
c8de  70 03    BVS $c8e3                       A:e8 X:00 Y:00 P:0f SP:fb
c8e0  4c e7 c8 JMP $c8e7 = ea                  A:e8 X:00 Y:00 P:0f SP:fb
c8e7  ea       NOP                             A:e8 X:00 Y:00 P:0f SP:fb
c8e8  18       CLC                             A:e8 X:00 Y:00 P:0f SP:fb
c8e9  24 01    BIT $01 = ff                    A:e8 X:00 Y:00 P:0e SP:fb
c8eb  a9 5f    LDA #$5f                        A:e8 X:00 Y:00 P:cc SP:fb
c8ed  49 aa    EOR #$aa                        A:5f X:00 Y:00 P:4c SP:fb
c8ef  b0 0b    BCS $c8fc                       A:00 X:00 Y:00 P:4e SP:fb
c8f1  10 09    BPL $c8fc                       A:00 X:00 Y:00 P:4e SP:fb
c8fc  a2 1c    LDX #$1c                        A:00 X:00 Y:00 P:4e SP:fb
c8fe  86 00    STX $00 = 00                    A:00 X:1c Y:00 P:4c SP:fb
c900  ea       NOP                             A:00 X:1c Y:00 P:4c SP:fb
c901  38       SEC                             A:00 X:1c Y:00 P:4c SP:fb
c902  b8       CLV                             A:00 X:1c Y:00 P:4d SP:fb
c903  a9 70    LDA #$70                        A:00 X:1c Y:00 P:0d SP:fb
c905  49 70    EOR #$70                        A:70 X:1c Y:00 P:0d SP:fb
c907  d0 09    BNE $c912                       A:00 X:1c Y:00 P:0f SP:fb
c909  70 07    BVS $c912                       A:00 X:1c Y:00 P:0f SP:fb
c90b  90 05    BCC $c912                       A:00 X:1c Y:00 P:0f SP:fb
c90d  30 03    BMI $c912                       A:00 X:1c Y:00 P:0f SP:fb
c90f  4c 16 c9 JMP $c916 = ea                  A:00 X:1c Y:00 P:0f SP:fb
c916  ea       NOP                             A:00 X:1c Y:00 P:0f SP:fb
c917  18       CLC                             A:00 X:1c Y:00 P:0f SP:fb
c918  24 01    BIT $01 = ff                    A:00 X:1c Y:00 P:0e SP:fb
c91a  a9 00    LDA #$00                        A:00 X:1c Y:00 P:ce SP:fb
c91c  69 69    ADC #$69                        A:00 X:1c Y:00 P:4e SP:fb
c91e  30 0b    BMI $c92b                       A:69 X:1c Y:00 P:8c SP:fb
c92b  a2 1e    LDX #$1e                        A:69 X:1c Y:00 P:8c SP:fb
c92d  86 00    STX $00 = 1c                    A:69 X:1e Y:00 P:0c SP:fb
c92f  ea       NOP                             A:69 X:1e Y:00 P:0c SP:fb
c930  38       SEC                             A:69 X:1e Y:00 P:0c SP:fb
c931  f8       SED                             A:69 X:1e Y:00 P:0d SP:fb
c932  24 01    BIT $01 = ff                    A:69 X:1e Y:00 P:0d SP:fb
c934  a9 01    LDA #$01                        A:69 X:1e Y:00 P:cd SP:fb
c936  69 69    ADC #$69                        A:01 X:1e Y:00 P:4d SP:fb
c938  30 0b    BMI $c945                       A:6a X:1e Y:00 P:8c SP:fb
c945  a2 1f    LDX #$1f                        A:6a X:1e Y:00 P:8c SP:fb
c947  86 00    STX $00 = 1e                    A:6a X:1f Y:00 P:0c SP:fb
c949  ea       NOP                             A:6a X:1f Y:00 P:0c SP:fb
c94a  d8       CLD                             A:6a X:1f Y:00 P:0c SP:fb
c94b  38       SEC                             A:6a X:1f Y:00 P:04 SP:fb
c94c  b8       CLV                             A:6a X:1f Y:00 P:05 SP:fb
c94d  a9 7f    LDA #$7f                        A:6a X:1f Y:00 P:05 SP:fb
c94f  69 7f    ADC #$7f                        A:7f X:1f Y:00 P:05 SP:fb
c951  10 0b    BPL $c95e                       A:fe X:1f Y:00 P:44 SP:fb
c95e  a2 20    LDX #$20                        A:fe X:1f Y:00 P:44 SP:fb
c960  86 00    STX $00 = 1f                    A:fe X:20 Y:00 P:44 SP:fb
c962  ea       NOP                             A:fe X:20 Y:00 P:44 SP:fb
c963  18       CLC                             A:fe X:20 Y:00 P:44 SP:fb
c964  24 01    BIT $01 = ff                    A:fe X:20 Y:00 P:44 SP:fb
c966  a9 7f    LDA #$7f                        A:fe X:20 Y:00 P:c4 SP:fb
c968  69 80    ADC #$80                        A:7f X:20 Y:00 P:44 SP:fb
c96a  10 0b    BPL $c977                       A:ff X:20 Y:00 P:04 SP:fb
c977  a2 21    LDX #$21                        A:ff X:20 Y:00 P:04 SP:fb
c979  86 00    STX $00 = 20                    A:ff X:21 Y:00 P:04 SP:fb
c97b  ea       NOP                             A:ff X:21 Y:00 P:04 SP:fb
c97c  38       SEC                             A:ff X:21 Y:00 P:04 SP:fb
c97d  b8       CLV                             A:ff X:21 Y:00 P:05 SP:fb
c97e  a9 7f    LDA #$7f                        A:ff X:21 Y:00 P:05 SP:fb
c980  69 80    ADC #$80                        A:7f X:21 Y:00 P:05 SP:fb
c982  d0 09    BNE $c98d                       A:ff X:21 Y:00 P:04 SP:fb
c98d  a2 22    LDX #$22                        A:ff X:21 Y:00 P:04 SP:fb
c98f  86 00    STX $00 = 21                    A:ff X:22 Y:00 P:04 SP:fb
c991  ea       NOP                             A:ff X:22 Y:00 P:04 SP:fb
c992  38       SEC                             A:ff X:22 Y:00 P:04 SP:fb
c993  b8       CLV                             A:ff X:22 Y:00 P:05 SP:fb
c994  a9 9f    LDA #$9f                        A:ff X:22 Y:00 P:05 SP:fb
c996  f0 09    BEQ $c9a1                       A:9f X:22 Y:00 P:85 SP:fb
c998  10 07    BPL $c9a1                       A:9f X:22 Y:00 P:85 SP:fb
c99a  70 05    BVS $c9a1                       A:9f X:22 Y:00 P:85 SP:fb
c99c  90 03    BCC $c9a1                       A:9f X:22 Y:00 P:85 SP:fb
c99e  4c a5 c9 JMP $c9a5 = ea                  A:9f X:22 Y:00 P:85 SP:fb
c9a5  ea       NOP                             A:9f X:22 Y:00 P:85 SP:fb
c9a6  18       CLC                             A:9f X:22 Y:00 P:85 SP:fb
c9a7  24 01    BIT $01 = ff                    A:9f X:22 Y:00 P:84 SP:fb
c9a9  a9 00    LDA #$00                        A:9f X:22 Y:00 P:c4 SP:fb
c9ab  d0 09    BNE $c9b6                       A:00 X:22 Y:00 P:46 SP:fb
c9ad  30 07    BMI $c9b6                       A:00 X:22 Y:00 P:46 SP:fb
c9af  50 05    BVC $c9b6                       A:00 X:22 Y:00 P:46 SP:fb
c9b1  b0 03    BCS $c9b6                       A:00 X:22 Y:00 P:46 SP:fb
c9b3  4c ba c9 JMP $c9ba = ea                  A:00 X:22 Y:00 P:46 SP:fb
c9ba  ea       NOP                             A:00 X:22 Y:00 P:46 SP:fb
c9bb  24 01    BIT $01 = ff                    A:00 X:22 Y:00 P:46 SP:fb
c9bd  a9 40    LDA #$40                        A:00 X:22 Y:00 P:c6 SP:fb
c9bf  c9 40    CMP #$40                        A:40 X:22 Y:00 P:44 SP:fb
c9c1  30 09    BMI $c9cc                       A:40 X:22 Y:00 P:47 SP:fb
c9c3  90 07    BCC $c9cc                       A:40 X:22 Y:00 P:47 SP:fb
c9c5  d0 05    BNE $c9cc                       A:40 X:22 Y:00 P:47 SP:fb
c9c7  50 03    BVC $c9cc                       A:40 X:22 Y:00 P:47 SP:fb
c9c9  4c d0 c9 JMP $c9d0 = ea                  A:40 X:22 Y:00 P:47 SP:fb
c9d0  ea       NOP                             A:40 X:22 Y:00 P:47 SP:fb
c9d1  b8       CLV                             A:40 X:22 Y:00 P:47 SP:fb
c9d2  c9 3f    CMP #$3f                        A:40 X:22 Y:00 P:07 SP:fb
c9d4  f0 09    BEQ $c9df                       A:40 X:22 Y:00 P:05 SP:fb
c9d6  30 07    BMI $c9df                       A:40 X:22 Y:00 P:05 SP:fb
c9d8  90 05    BCC $c9df                       A:40 X:22 Y:00 P:05 SP:fb
c9da  70 03    BVS $c9df                       A:40 X:22 Y:00 P:05 SP:fb
c9dc  4c e3 c9 JMP $c9e3 = ea                  A:40 X:22 Y:00 P:05 SP:fb
c9e3  ea       NOP                             A:40 X:22 Y:00 P:05 SP:fb
c9e4  c9 41    CMP #$41                        A:40 X:22 Y:00 P:05 SP:fb
c9e6  f0 07    BEQ $c9ef                       A:40 X:22 Y:00 P:84 SP:fb
c9e8  10 05    BPL $c9ef                       A:40 X:22 Y:00 P:84 SP:fb
c9ea  10 03    BPL $c9ef                       A:40 X:22 Y:00 P:84 SP:fb
c9ec  4c f3 c9 JMP $c9f3 = ea                  A:40 X:22 Y:00 P:84 SP:fb
c9f3  ea       NOP                             A:40 X:22 Y:00 P:84 SP:fb
c9f4  a9 80    LDA #$80                        A:40 X:22 Y:00 P:84 SP:fb
c9f6  c9 00    CMP #$00                        A:80 X:22 Y:00 P:84 SP:fb
c9f8  f0 07    BEQ $ca01                       A:80 X:22 Y:00 P:85 SP:fb
c9fa  10 05    BPL $ca01                       A:80 X:22 Y:00 P:85 SP:fb
c9fc  90 03    BCC $ca01                       A:80 X:22 Y:00 P:85 SP:fb
c9fe  4c 05 ca JMP $ca05 = ea                  A:80 X:22 Y:00 P:85 SP:fb
ca05  ea       NOP                             A:80 X:22 Y:00 P:85 SP:fb
ca06  c9 80    CMP #$80                        A:80 X:22 Y:00 P:85 SP:fb
ca08  d0 07    BNE $ca11                       A:80 X:22 Y:00 P:07 SP:fb
ca0a  30 05    BMI $ca11                       A:80 X:22 Y:00 P:07 SP:fb
ca0c  90 03    BCC $ca11                       A:80 X:22 Y:00 P:07 SP:fb
ca0e  4c 15 ca JMP $ca15 = ea                  A:80 X:22 Y:00 P:07 SP:fb
ca15  ea       NOP                             A:80 X:22 Y:00 P:07 SP:fb
ca16  c9 81    CMP #$81                        A:80 X:22 Y:00 P:07 SP:fb
ca18  b0 07    BCS $ca21                       A:80 X:22 Y:00 P:84 SP:fb
ca1a  f0 05    BEQ $ca21                       A:80 X:22 Y:00 P:84 SP:fb
ca1c  10 03    BPL $ca21                       A:80 X:22 Y:00 P:84 SP:fb
ca1e  4c 25 ca JMP $ca25 = ea                  A:80 X:22 Y:00 P:84 SP:fb
ca25  ea       NOP                             A:80 X:22 Y:00 P:84 SP:fb
ca26  c9 7f    CMP #$7f                        A:80 X:22 Y:00 P:84 SP:fb
ca28  90 07    BCC $ca31                       A:80 X:22 Y:00 P:05 SP:fb
ca2a  f0 05    BEQ $ca31                       A:80 X:22 Y:00 P:05 SP:fb
ca2c  30 03    BMI $ca31                       A:80 X:22 Y:00 P:05 SP:fb
ca2e  4c 35 ca JMP $ca35 = ea                  A:80 X:22 Y:00 P:05 SP:fb
ca35  ea       NOP                             A:80 X:22 Y:00 P:05 SP:fb
ca36  24 01    BIT $01 = ff                    A:80 X:22 Y:00 P:05 SP:fb
ca38  a0 40    LDY #$40                        A:80 X:22 Y:00 P:c5 SP:fb
ca3a  c0 40    CPY #$40                        A:80 X:22 Y:40 P:45 SP:fb
ca3c  d0 09    BNE $ca47                       A:80 X:22 Y:40 P:47 SP:fb
ca3e  30 07    BMI $ca47                       A:80 X:22 Y:40 P:47 SP:fb
ca40  90 05    BCC $ca47                       A:80 X:22 Y:40 P:47 SP:fb
ca42  50 03    BVC $ca47                       A:80 X:22 Y:40 P:47 SP:fb
ca44  4c 4b ca JMP $ca4b = ea                  A:80 X:22 Y:40 P:47 SP:fb
ca4b  ea       NOP                             A:80 X:22 Y:40 P:47 SP:fb
ca4c  b8       CLV                             A:80 X:22 Y:40 P:47 SP:fb
ca4d  c0 3f    CPY #$3f                        A:80 X:22 Y:40 P:07 SP:fb
ca4f  f0 09    BEQ $ca5a                       A:80 X:22 Y:40 P:05 SP:fb
ca51  30 07    BMI $ca5a                       A:80 X:22 Y:40 P:05 SP:fb
ca53  90 05    BCC $ca5a                       A:80 X:22 Y:40 P:05 SP:fb
ca55  70 03    BVS $ca5a                       A:80 X:22 Y:40 P:05 SP:fb
ca57  4c 5e ca JMP $ca5e = ea                  A:80 X:22 Y:40 P:05 SP:fb
ca5e  ea       NOP                             A:80 X:22 Y:40 P:05 SP:fb
ca5f  c0 41    CPY #$41                        A:80 X:22 Y:40 P:05 SP:fb
ca61  f0 07    BEQ $ca6a                       A:80 X:22 Y:40 P:84 SP:fb
ca63  10 05    BPL $ca6a                       A:80 X:22 Y:40 P:84 SP:fb
ca65  10 03    BPL $ca6a                       A:80 X:22 Y:40 P:84 SP:fb
ca67  4c 6e ca JMP $ca6e = ea                  A:80 X:22 Y:40 P:84 SP:fb
ca6e  ea       NOP                             A:80 X:22 Y:40 P:84 SP:fb
ca6f  a0 80    LDY #$80                        A:80 X:22 Y:40 P:84 SP:fb
ca71  c0 00    CPY #$00                        A:80 X:22 Y:80 P:84 SP:fb
ca73  f0 07    BEQ $ca7c                       A:80 X:22 Y:80 P:85 SP:fb
ca75  10 05    BPL $ca7c                       A:80 X:22 Y:80 P:85 SP:fb
ca77  90 03    BCC $ca7c                       A:80 X:22 Y:80 P:85 SP:fb
ca79  4c 80 ca JMP $ca80 = ea                  A:80 X:22 Y:80 P:85 SP:fb
ca80  ea       NOP                             A:80 X:22 Y:80 P:85 SP:fb
ca81  c0 80    CPY #$80                        A:80 X:22 Y:80 P:85 SP:fb
ca83  d0 07    BNE $ca8c                       A:80 X:22 Y:80 P:07 SP:fb
ca85  30 05    BMI $ca8c                       A:80 X:22 Y:80 P:07 SP:fb
ca87  90 03    BCC $ca8c                       A:80 X:22 Y:80 P:07 SP:fb
ca89  4c 90 ca JMP $ca90 = ea                  A:80 X:22 Y:80 P:07 SP:fb
ca90  ea       NOP                             A:80 X:22 Y:80 P:07 SP:fb
ca91  c0 81    CPY #$81                        A:80 X:22 Y:80 P:07 SP:fb
ca93  b0 07    BCS $ca9c                       A:80 X:22 Y:80 P:84 SP:fb
ca95  f0 05    BEQ $ca9c                       A:80 X:22 Y:80 P:84 SP:fb
ca97  10 03    BPL $ca9c                       A:80 X:22 Y:80 P:84 SP:fb
ca99  4c a0 ca JMP $caa0 = ea                  A:80 X:22 Y:80 P:84 SP:fb
caa0  ea       NOP                             A:80 X:22 Y:80 P:84 SP:fb
caa1  c0 7f    CPY #$7f                        A:80 X:22 Y:80 P:84 SP:fb
caa3  90 07    BCC $caac                       A:80 X:22 Y:80 P:05 SP:fb
caa5  f0 05    BEQ $caac                       A:80 X:22 Y:80 P:05 SP:fb
caa7  30 03    BMI $caac                       A:80 X:22 Y:80 P:05 SP:fb
caa9  4c b0 ca JMP $cab0 = ea                  A:80 X:22 Y:80 P:05 SP:fb
cab0  ea       NOP                             A:80 X:22 Y:80 P:05 SP:fb
cab1  24 01    BIT $01 = ff                    A:80 X:22 Y:80 P:05 SP:fb
cab3  a2 40    LDX #$40                        A:80 X:22 Y:80 P:c5 SP:fb
cab5  e0 40    CPX #$40                        A:80 X:40 Y:80 P:45 SP:fb
cab7  d0 09    BNE $cac2                       A:80 X:40 Y:80 P:47 SP:fb
cab9  30 07    BMI $cac2                       A:80 X:40 Y:80 P:47 SP:fb
cabb  90 05    BCC $cac2                       A:80 X:40 Y:80 P:47 SP:fb
cabd  50 03    BVC $cac2                       A:80 X:40 Y:80 P:47 SP:fb
cabf  4c c6 ca JMP $cac6 = ea                  A:80 X:40 Y:80 P:47 SP:fb
cac6  ea       NOP                             A:80 X:40 Y:80 P:47 SP:fb
cac7  b8       CLV                             A:80 X:40 Y:80 P:47 SP:fb
cac8  e0 3f    CPX #$3f                        A:80 X:40 Y:80 P:07 SP:fb
caca  f0 09    BEQ $cad5                       A:80 X:40 Y:80 P:05 SP:fb
cacc  30 07    BMI $cad5                       A:80 X:40 Y:80 P:05 SP:fb
cace  90 05    BCC $cad5                       A:80 X:40 Y:80 P:05 SP:fb
cad0  70 03    BVS $cad5                       A:80 X:40 Y:80 P:05 SP:fb
cad2  4c d9 ca JMP $cad9 = ea                  A:80 X:40 Y:80 P:05 SP:fb
cad9  ea       NOP                             A:80 X:40 Y:80 P:05 SP:fb
cada  e0 41    CPX #$41                        A:80 X:40 Y:80 P:05 SP:fb
cadc  f0 07    BEQ $cae5                       A:80 X:40 Y:80 P:84 SP:fb
cade  10 05    BPL $cae5                       A:80 X:40 Y:80 P:84 SP:fb
cae0  10 03    BPL $cae5                       A:80 X:40 Y:80 P:84 SP:fb
cae2  4c e9 ca JMP $cae9 = ea                  A:80 X:40 Y:80 P:84 SP:fb
cae9  ea       NOP                             A:80 X:40 Y:80 P:84 SP:fb
caea  a2 80    LDX #$80                        A:80 X:40 Y:80 P:84 SP:fb
caec  e0 00    CPX #$00                        A:80 X:80 Y:80 P:84 SP:fb
caee  f0 07    BEQ $caf7                       A:80 X:80 Y:80 P:85 SP:fb
caf0  10 05    BPL $caf7                       A:80 X:80 Y:80 P:85 SP:fb
caf2  90 03    BCC $caf7                       A:80 X:80 Y:80 P:85 SP:fb
caf4  4c fb ca JMP $cafb = ea                  A:80 X:80 Y:80 P:85 SP:fb
cafb  ea       NOP                             A:80 X:80 Y:80 P:85 SP:fb
cafc  e0 80    CPX #$80                        A:80 X:80 Y:80 P:85 SP:fb
cafe  d0 07    BNE $cb07                       A:80 X:80 Y:80 P:07 SP:fb
cb00  30 05    BMI $cb07                       A:80 X:80 Y:80 P:07 SP:fb
cb02  90 03    BCC $cb07                       A:80 X:80 Y:80 P:07 SP:fb
cb04  4c 0b cb JMP $cb0b = ea                  A:80 X:80 Y:80 P:07 SP:fb
cb0b  ea       NOP                             A:80 X:80 Y:80 P:07 SP:fb
cb0c  e0 81    CPX #$81                        A:80 X:80 Y:80 P:07 SP:fb
cb0e  b0 07    BCS $cb17                       A:80 X:80 Y:80 P:84 SP:fb
cb10  f0 05    BEQ $cb17                       A:80 X:80 Y:80 P:84 SP:fb
cb12  10 03    BPL $cb17                       A:80 X:80 Y:80 P:84 SP:fb
cb14  4c 1b cb JMP $cb1b = ea                  A:80 X:80 Y:80 P:84 SP:fb
cb1b  ea       NOP                             A:80 X:80 Y:80 P:84 SP:fb
cb1c  e0 7f    CPX #$7f                        A:80 X:80 Y:80 P:84 SP:fb
cb1e  90 07    BCC $cb27                       A:80 X:80 Y:80 P:05 SP:fb
cb20  f0 05    BEQ $cb27                       A:80 X:80 Y:80 P:05 SP:fb
cb22  30 03    BMI $cb27                       A:80 X:80 Y:80 P:05 SP:fb
cb24  4c 2b cb JMP $cb2b = ea                  A:80 X:80 Y:80 P:05 SP:fb
cb2b  ea       NOP                             A:80 X:80 Y:80 P:05 SP:fb
cb2c  38       SEC                             A:80 X:80 Y:80 P:05 SP:fb
cb2d  b8       CLV                             A:80 X:80 Y:80 P:05 SP:fb
cb2e  a2 9f    LDX #$9f                        A:80 X:80 Y:80 P:05 SP:fb
cb30  f0 09    BEQ $cb3b                       A:80 X:9f Y:80 P:85 SP:fb
cb32  10 07    BPL $cb3b                       A:80 X:9f Y:80 P:85 SP:fb
cb34  70 05    BVS $cb3b                       A:80 X:9f Y:80 P:85 SP:fb
cb36  90 03    BCC $cb3b                       A:80 X:9f Y:80 P:85 SP:fb
cb38  4c 3f cb JMP $cb3f = ea                  A:80 X:9f Y:80 P:85 SP:fb
cb3f  ea       NOP                             A:80 X:9f Y:80 P:85 SP:fb
cb40  18       CLC                             A:80 X:9f Y:80 P:85 SP:fb
cb41  24 01    BIT $01 = ff                    A:80 X:9f Y:80 P:84 SP:fb
cb43  a2 00    LDX #$00                        A:80 X:9f Y:80 P:c4 SP:fb
cb45  d0 09    BNE $cb50                       A:80 X:00 Y:80 P:46 SP:fb
cb47  30 07    BMI $cb50                       A:80 X:00 Y:80 P:46 SP:fb
cb49  50 05    BVC $cb50                       A:80 X:00 Y:80 P:46 SP:fb
cb4b  b0 03    BCS $cb50                       A:80 X:00 Y:80 P:46 SP:fb
cb4d  4c 54 cb JMP $cb54 = ea                  A:80 X:00 Y:80 P:46 SP:fb
cb54  ea       NOP                             A:80 X:00 Y:80 P:46 SP:fb
cb55  38       SEC                             A:80 X:00 Y:80 P:46 SP:fb
cb56  b8       CLV                             A:80 X:00 Y:80 P:47 SP:fb
cb57  a0 9f    LDY #$9f                        A:80 X:00 Y:80 P:07 SP:fb
cb59  f0 09    BEQ $cb64                       A:80 X:00 Y:9f P:85 SP:fb
cb5b  10 07    BPL $cb64                       A:80 X:00 Y:9f P:85 SP:fb
cb5d  70 05    BVS $cb64                       A:80 X:00 Y:9f P:85 SP:fb
cb5f  90 03    BCC $cb64                       A:80 X:00 Y:9f P:85 SP:fb
cb61  4c 68 cb JMP $cb68 = ea                  A:80 X:00 Y:9f P:85 SP:fb
cb68  ea       NOP                             A:80 X:00 Y:9f P:85 SP:fb
cb69  18       CLC                             A:80 X:00 Y:9f P:85 SP:fb
cb6a  24 01    BIT $01 = ff                    A:80 X:00 Y:9f P:84 SP:fb
cb6c  a0 00    LDY #$00                        A:80 X:00 Y:9f P:c4 SP:fb
cb6e  d0 09    BNE $cb79                       A:80 X:00 Y:00 P:46 SP:fb
cb70  30 07    BMI $cb79                       A:80 X:00 Y:00 P:46 SP:fb
cb72  50 05    BVC $cb79                       A:80 X:00 Y:00 P:46 SP:fb
cb74  b0 03    BCS $cb79                       A:80 X:00 Y:00 P:46 SP:fb
cb76  4c 7d cb JMP $cb7d = ea                  A:80 X:00 Y:00 P:46 SP:fb
cb7d  ea       NOP                             A:80 X:00 Y:00 P:46 SP:fb
cb7e  a9 55    LDA #$55                        A:80 X:00 Y:00 P:46 SP:fb
cb80  a2 aa    LDX #$aa                        A:55 X:00 Y:00 P:44 SP:fb
cb82  a0 33    LDY #$33                        A:55 X:aa Y:00 P:c4 SP:fb
cb84  c9 55    CMP #$55                        A:55 X:aa Y:33 P:44 SP:fb
cb86  d0 23    BNE $cbab                       A:55 X:aa Y:33 P:47 SP:fb
cb88  e0 aa    CPX #$aa                        A:55 X:aa Y:33 P:47 SP:fb
cb8a  d0 1f    BNE $cbab                       A:55 X:aa Y:33 P:47 SP:fb
cb8c  c0 33    CPY #$33                        A:55 X:aa Y:33 P:47 SP:fb
cb8e  d0 1b    BNE $cbab                       A:55 X:aa Y:33 P:47 SP:fb
cb90  c9 55    CMP #$55                        A:55 X:aa Y:33 P:47 SP:fb
cb92  d0 17    BNE $cbab                       A:55 X:aa Y:33 P:47 SP:fb
cb94  e0 aa    CPX #$aa                        A:55 X:aa Y:33 P:47 SP:fb
cb96  d0 13    BNE $cbab                       A:55 X:aa Y:33 P:47 SP:fb
cb98  c0 33    CPY #$33                        A:55 X:aa Y:33 P:47 SP:fb
cb9a  d0 0f    BNE $cbab                       A:55 X:aa Y:33 P:47 SP:fb
cb9c  c9 56    CMP #$56                        A:55 X:aa Y:33 P:47 SP:fb
cb9e  f0 0b    BEQ $cbab                       A:55 X:aa Y:33 P:c4 SP:fb
cba0  e0 ab    CPX #$ab                        A:55 X:aa Y:33 P:c4 SP:fb
cba2  f0 07    BEQ $cbab                       A:55 X:aa Y:33 P:c4 SP:fb
cba4  c0 34    CPY #$34                        A:55 X:aa Y:33 P:c4 SP:fb
cba6  f0 03    BEQ $cbab                       A:55 X:aa Y:33 P:c4 SP:fb
cba8  4c af cb JMP $cbaf = a0                  A:55 X:aa Y:33 P:c4 SP:fb
cbaf  a0 71    LDY #$71                        A:55 X:aa Y:33 P:c4 SP:fb
cbb1  20 31 f9 JSR $f931 = 24                  A:55 X:aa Y:71 P:44 SP:fb
f931  24 01    BIT $01 = ff                    A:55 X:aa Y:71 P:44 SP:f9
f933  a9 40    LDA #$40                        A:55 X:aa Y:71 P:c4 SP:f9
f935  38       SEC                             A:40 X:aa Y:71 P:44 SP:f9
f936  60       RTS                             A:40 X:aa Y:71 P:45 SP:f9
cbb4  e9 40    SBC #$40                        A:40 X:aa Y:71 P:45 SP:fb
cbb6  20 37 f9 JSR $f937 = 30                  A:40 X:aa Y:71 P:45 SP:fb
f937  30 0b    BMI $f944                       A:40 X:aa Y:71 P:45 SP:f9
f939  90 09    BCC $f944                       A:40 X:aa Y:71 P:45 SP:f9
f93b  d0 07    BNE $f944                       A:40 X:aa Y:71 P:45 SP:f9
f944  84 00    STY $00 = 22                    A:40 X:aa Y:71 P:45 SP:f9
f946  60       RTS                             A:40 X:aa Y:71 P:45 SP:f9
cbb9  c8       INY                             A:40 X:aa Y:71 P:45 SP:fb
cbba  20 47 f9 JSR $f947 = b8                  A:40 X:aa Y:71 P:45 SP:fb
f947  b8       CLV                             A:40 X:aa Y:71 P:45 SP:f9
f948  38       SEC                             A:40 X:aa Y:71 P:05 SP:f9
f949  a9 40    LDA #$40                        A:40 X:aa Y:71 P:05 SP:f9
f94b  60       RTS                             A:40 X:aa Y:71 P:05 SP:f9
cbbd  e9 3f    SBC #$3f                        A:40 X:aa Y:71 P:05 SP:fb
cbbf  20 4c f9 JSR $f94c = f0                  A:40 X:aa Y:71 P:05 SP:fb
f94c  f0 0b    BEQ $f959                       A:40 X:aa Y:71 P:05 SP:f9
f94e  30 09    BMI $f959                       A:40 X:aa Y:71 P:05 SP:f9
f950  90 07    BCC $f959                       A:40 X:aa Y:71 P:05 SP:f9
f952  70 05    BVS $f959                       A:40 X:aa Y:71 P:05 SP:f9
f954  c9 01    CMP #$01                        A:40 X:aa Y:71 P:05 SP:f9
f956  d0 01    BNE $f959                       A:40 X:aa Y:71 P:05 SP:f9
f959  84 00    STY $00 = 71                    A:40 X:aa Y:71 P:05 SP:f9
f95b  60       RTS                             A:40 X:aa Y:71 P:05 SP:f9
cbc2  c8       INY                             A:40 X:aa Y:71 P:05 SP:fb
cbc3  20 5c f9 JSR $f95c = a9                  A:40 X:aa Y:71 P:05 SP:fb
f95c  a9 40    LDA #$40                        A:40 X:aa Y:71 P:05 SP:f9
f95e  38       SEC                             A:40 X:aa Y:71 P:05 SP:f9
f95f  24 01    BIT $01 = ff                    A:40 X:aa Y:71 P:05 SP:f9
f961  60       RTS                             A:40 X:aa Y:71 P:c5 SP:f9
cbc6  e9 41    SBC #$41                        A:40 X:aa Y:71 P:c5 SP:fb
cbc8  20 62 f9 JSR $f962 = b0                  A:40 X:aa Y:71 P:c5 SP:fb
f962  b0 0b    BCS $f96f                       A:40 X:aa Y:71 P:c5 SP:f9
f96f  84 00    STY $00 = 71                    A:40 X:aa Y:71 P:c5 SP:f9
f971  60       RTS                             A:40 X:aa Y:71 P:c5 SP:f9
cbcb  c8       INY                             A:40 X:aa Y:71 P:c5 SP:fb
cbcc  20 72 f9 JSR $f972 = 18                  A:40 X:aa Y:71 P:c5 SP:fb
f972  18       CLC                             A:40 X:aa Y:71 P:c5 SP:f9
f973  a9 80    LDA #$80                        A:40 X:aa Y:71 P:c4 SP:f9
f975  60       RTS                             A:80 X:aa Y:71 P:c4 SP:f9
cbcf  e9 00    SBC #$00                        A:80 X:aa Y:71 P:c4 SP:fb
cbd1  20 76 f9 JSR $f976 = 90                  A:80 X:aa Y:71 P:c4 SP:fb
f976  90 05    BCC $f97d                       A:80 X:aa Y:71 P:c4 SP:f9
f97d  84 00    STY $00 = 71                    A:80 X:aa Y:71 P:c4 SP:f9
f97f  60       RTS                             A:80 X:aa Y:71 P:c4 SP:f9
cbd4  c8       INY                             A:80 X:aa Y:71 P:c4 SP:fb
cbd5  20 80 f9 JSR $f980 = 38                  A:80 X:aa Y:71 P:c4 SP:fb
f980  38       SEC                             A:80 X:aa Y:71 P:c4 SP:f9
f981  a9 81    LDA #$81                        A:80 X:aa Y:71 P:c5 SP:f9
f983  60       RTS                             A:81 X:aa Y:71 P:c5 SP:f9
cbd8  e9 7f    SBC #$7f                        A:81 X:aa Y:71 P:c5 SP:fb
cbda  20 84 f9 JSR $f984 = 50                  A:81 X:aa Y:71 P:c5 SP:fb
f984  50 07    BVC $f98d                       A:81 X:aa Y:71 P:c5 SP:f9
f986  90 05    BCC $f98d                       A:81 X:aa Y:71 P:c5 SP:f9
f988  c9 02    CMP #$02                        A:81 X:aa Y:71 P:c5 SP:f9
f98a  d0 01    BNE $f98d                       A:81 X:aa Y:71 P:45 SP:f9
f98d  84 00    STY $00 = 71                    A:81 X:aa Y:71 P:45 SP:f9
f98f  60       RTS                             A:81 X:aa Y:71 P:45 SP:f9
cbdd  60       RTS                             A:81 X:aa Y:71 P:45 SP:fb
c606  20 de cb JSR $cbde = ea                  A:81 X:aa Y:71 P:45 SP:fd
cbde  ea       NOP                             A:81 X:aa Y:71 P:45 SP:fb
cbdf  a9 ff    LDA #$ff                        A:81 X:aa Y:71 P:45 SP:fb
cbe1  85 01    STA $01 = ff                    A:ff X:aa Y:71 P:c5 SP:fb
cbe3  a9 44    LDA #$44                        A:ff X:aa Y:71 P:c5 SP:fb
cbe5  a2 55    LDX #$55                        A:44 X:aa Y:71 P:45 SP:fb
cbe7  a0 66    LDY #$66                        A:44 X:55 Y:71 P:45 SP:fb
cbe9  e8       INX                             A:44 X:55 Y:66 P:45 SP:fb
cbea  88       DEY                             A:44 X:55 Y:66 P:45 SP:fb
cbeb  e0 56    CPX #$56                        A:44 X:55 Y:66 P:45 SP:fb
cbed  d0 21    BNE $cc10                       A:44 X:55 Y:66 P:c4 SP:fb
cc10  a2 3e    LDX #$3e                        A:44 X:55 Y:66 P:c4 SP:fb
cc12  86 00    STX $00 = 71                    A:44 X:3e Y:66 P:44 SP:fb
cc14  ea       NOP                             A:44 X:3e Y:66 P:44 SP:fb
cc15  38       SEC                             A:44 X:3e Y:66 P:44 SP:fb
cc16  a2 69    LDX #$69                        A:44 X:3e Y:66 P:45 SP:fb
cc18  a9 96    LDA #$96                        A:44 X:69 Y:66 P:45 SP:fb
cc1a  24 01    BIT $01 = ff                    A:96 X:69 Y:66 P:c5 SP:fb
cc1c  a0 ff    LDY #$ff                        A:96 X:69 Y:66 P:c5 SP:fb
cc1e  c8       INY                             A:96 X:69 Y:ff P:c5 SP:fb
cc1f  d0 3d    BNE $cc5e                       A:96 X:69 Y:ff P:c5 SP:fb
cc5e  a2 3f    LDX #$3f                        A:96 X:69 Y:ff P:c5 SP:fb
cc60  86 00    STX $00 = 3e                    A:96 X:3f Y:ff P:45 SP:fb
cc62  ea       NOP                             A:96 X:3f Y:ff P:45 SP:fb
cc63  38       SEC                             A:96 X:3f Y:ff P:45 SP:fb
cc64  a0 69    LDY #$69                        A:96 X:3f Y:ff P:45 SP:fb
cc66  a9 96    LDA #$96                        A:96 X:3f Y:69 P:45 SP:fb
cc68  24 01    BIT $01 = ff                    A:96 X:3f Y:69 P:c5 SP:fb
cc6a  a2 ff    LDX #$ff                        A:96 X:3f Y:69 P:c5 SP:fb
cc6c  e8       INX                             A:96 X:ff Y:69 P:c5 SP:fb
cc6d  d0 3d    BNE $ccac                       A:96 X:ff Y:69 P:c5 SP:fb
ccac  a2 40    LDX #$40                        A:96 X:ff Y:69 P:c5 SP:fb
ccae  86 00    STX $00 = 3f                    A:96 X:40 Y:69 P:45 SP:fb
ccb0  ea       NOP                             A:96 X:40 Y:69 P:45 SP:fb
ccb1  a9 85    LDA #$85                        A:96 X:40 Y:69 P:45 SP:fb
ccb3  a2 34    LDX #$34                        A:85 X:40 Y:69 P:c5 SP:fb
ccb5  a0 99    LDY #$99                        A:85 X:34 Y:69 P:45 SP:fb
ccb7  18       CLC                             A:85 X:34 Y:99 P:c5 SP:fb
ccb8  24 01    BIT $01 = ff                    A:85 X:34 Y:99 P:c4 SP:fb
ccba  a8       TAY                             A:85 X:34 Y:99 P:c4 SP:fb
ccbb  f0 2e    BEQ $cceb                       A:85 X:34 Y:85 P:c4 SP:fb
ccbd  b0 2c    BCS $cceb                       A:85 X:34 Y:85 P:c4 SP:fb
ccbf  50 2a    BVC $cceb                       A:85 X:34 Y:85 P:c4 SP:fb
ccc1  10 28    BPL $cceb                       A:85 X:34 Y:85 P:c4 SP:fb
ccc3  c9 85    CMP #$85                        A:85 X:34 Y:85 P:c4 SP:fb
ccc5  d0 24    BNE $cceb                       A:85 X:34 Y:85 P:47 SP:fb
ccc7  e0 34    CPX #$34                        A:85 X:34 Y:85 P:47 SP:fb
ccc9  d0 20    BNE $cceb                       A:85 X:34 Y:85 P:47 SP:fb
cccb  c0 85    CPY #$85                        A:85 X:34 Y:85 P:47 SP:fb
cccd  d0 1c    BNE $cceb                       A:85 X:34 Y:85 P:47 SP:fb
cccf  a9 00    LDA #$00                        A:85 X:34 Y:85 P:47 SP:fb
ccd1  38       SEC                             A:00 X:34 Y:85 P:47 SP:fb
ccd2  b8       CLV                             A:00 X:34 Y:85 P:47 SP:fb
ccd3  a8       TAY                             A:00 X:34 Y:85 P:07 SP:fb
ccd4  d0 15    BNE $cceb                       A:00 X:34 Y:00 P:07 SP:fb
ccd6  90 13    BCC $cceb                       A:00 X:34 Y:00 P:07 SP:fb
ccd8  70 11    BVS $cceb                       A:00 X:34 Y:00 P:07 SP:fb
ccda  30 0f    BMI $cceb                       A:00 X:34 Y:00 P:07 SP:fb
ccdc  c9 00    CMP #$00                        A:00 X:34 Y:00 P:07 SP:fb
ccde  d0 0b    BNE $cceb                       A:00 X:34 Y:00 P:07 SP:fb
cce0  e0 34    CPX #$34                        A:00 X:34 Y:00 P:07 SP:fb
cce2  d0 07    BNE $cceb                       A:00 X:34 Y:00 P:07 SP:fb
cce4  c0 00    CPY #$00                        A:00 X:34 Y:00 P:07 SP:fb
cce6  d0 03    BNE $cceb                       A:00 X:34 Y:00 P:07 SP:fb
cce8  4c ef cc JMP $ccef = ea                  A:00 X:34 Y:00 P:07 SP:fb
ccef  ea       NOP                             A:00 X:34 Y:00 P:07 SP:fb
ccf0  a9 85    LDA #$85                        A:00 X:34 Y:00 P:07 SP:fb
ccf2  a2 34    LDX #$34                        A:85 X:34 Y:00 P:85 SP:fb
ccf4  a0 99    LDY #$99                        A:85 X:34 Y:00 P:05 SP:fb
ccf6  18       CLC                             A:85 X:34 Y:99 P:85 SP:fb
ccf7  24 01    BIT $01 = ff                    A:85 X:34 Y:99 P:84 SP:fb
ccf9  aa       TAX                             A:85 X:34 Y:99 P:c4 SP:fb
ccfa  f0 2e    BEQ $cd2a                       A:85 X:85 Y:99 P:c4 SP:fb
ccfc  b0 2c    BCS $cd2a                       A:85 X:85 Y:99 P:c4 SP:fb
ccfe  50 2a    BVC $cd2a                       A:85 X:85 Y:99 P:c4 SP:fb
cd00  10 28    BPL $cd2a                       A:85 X:85 Y:99 P:c4 SP:fb
cd02  c9 85    CMP #$85                        A:85 X:85 Y:99 P:c4 SP:fb
cd04  d0 24    BNE $cd2a                       A:85 X:85 Y:99 P:47 SP:fb
cd06  e0 85    CPX #$85                        A:85 X:85 Y:99 P:47 SP:fb
cd08  d0 20    BNE $cd2a                       A:85 X:85 Y:99 P:47 SP:fb
cd0a  c0 99    CPY #$99                        A:85 X:85 Y:99 P:47 SP:fb
cd0c  d0 1c    BNE $cd2a                       A:85 X:85 Y:99 P:47 SP:fb
cd0e  a9 00    LDA #$00                        A:85 X:85 Y:99 P:47 SP:fb
cd10  38       SEC                             A:00 X:85 Y:99 P:47 SP:fb
cd11  b8       CLV                             A:00 X:85 Y:99 P:47 SP:fb
cd12  aa       TAX                             A:00 X:85 Y:99 P:07 SP:fb
cd13  d0 15    BNE $cd2a                       A:00 X:00 Y:99 P:07 SP:fb
cd15  90 13    BCC $cd2a                       A:00 X:00 Y:99 P:07 SP:fb
cd17  70 11    BVS $cd2a                       A:00 X:00 Y:99 P:07 SP:fb
cd19  30 0f    BMI $cd2a                       A:00 X:00 Y:99 P:07 SP:fb
cd1b  c9 00    CMP #$00                        A:00 X:00 Y:99 P:07 SP:fb
cd1d  d0 0b    BNE $cd2a                       A:00 X:00 Y:99 P:07 SP:fb
cd1f  e0 00    CPX #$00                        A:00 X:00 Y:99 P:07 SP:fb
cd21  d0 07    BNE $cd2a                       A:00 X:00 Y:99 P:07 SP:fb
cd23  c0 99    CPY #$99                        A:00 X:00 Y:99 P:07 SP:fb
cd25  d0 03    BNE $cd2a                       A:00 X:00 Y:99 P:07 SP:fb
cd27  4c 2e cd JMP $cd2e = ea                  A:00 X:00 Y:99 P:07 SP:fb
cd2e  ea       NOP                             A:00 X:00 Y:99 P:07 SP:fb
cd2f  a9 85    LDA #$85                        A:00 X:00 Y:99 P:07 SP:fb
cd31  a2 34    LDX #$34                        A:85 X:00 Y:99 P:85 SP:fb
cd33  a0 99    LDY #$99                        A:85 X:34 Y:99 P:05 SP:fb
cd35  18       CLC                             A:85 X:34 Y:99 P:85 SP:fb
cd36  24 01    BIT $01 = ff                    A:85 X:34 Y:99 P:84 SP:fb
cd38  98       TYA                             A:85 X:34 Y:99 P:c4 SP:fb
cd39  f0 2e    BEQ $cd69                       A:99 X:34 Y:99 P:c4 SP:fb
cd3b  b0 2c    BCS $cd69                       A:99 X:34 Y:99 P:c4 SP:fb
cd3d  50 2a    BVC $cd69                       A:99 X:34 Y:99 P:c4 SP:fb
cd3f  10 28    BPL $cd69                       A:99 X:34 Y:99 P:c4 SP:fb
cd41  c9 99    CMP #$99                        A:99 X:34 Y:99 P:c4 SP:fb
cd43  d0 24    BNE $cd69                       A:99 X:34 Y:99 P:47 SP:fb
cd45  e0 34    CPX #$34                        A:99 X:34 Y:99 P:47 SP:fb
cd47  d0 20    BNE $cd69                       A:99 X:34 Y:99 P:47 SP:fb
cd49  c0 99    CPY #$99                        A:99 X:34 Y:99 P:47 SP:fb
cd4b  d0 1c    BNE $cd69                       A:99 X:34 Y:99 P:47 SP:fb
cd4d  a0 00    LDY #$00                        A:99 X:34 Y:99 P:47 SP:fb
cd4f  38       SEC                             A:99 X:34 Y:00 P:47 SP:fb
cd50  b8       CLV                             A:99 X:34 Y:00 P:47 SP:fb
cd51  98       TYA                             A:99 X:34 Y:00 P:07 SP:fb
cd52  d0 15    BNE $cd69                       A:00 X:34 Y:00 P:07 SP:fb
cd54  90 13    BCC $cd69                       A:00 X:34 Y:00 P:07 SP:fb
cd56  70 11    BVS $cd69                       A:00 X:34 Y:00 P:07 SP:fb
cd58  30 0f    BMI $cd69                       A:00 X:34 Y:00 P:07 SP:fb
cd5a  c9 00    CMP #$00                        A:00 X:34 Y:00 P:07 SP:fb
cd5c  d0 0b    BNE $cd69                       A:00 X:34 Y:00 P:07 SP:fb
cd5e  e0 34    CPX #$34                        A:00 X:34 Y:00 P:07 SP:fb
cd60  d0 07    BNE $cd69                       A:00 X:34 Y:00 P:07 SP:fb
cd62  c0 00    CPY #$00                        A:00 X:34 Y:00 P:07 SP:fb
cd64  d0 03    BNE $cd69                       A:00 X:34 Y:00 P:07 SP:fb
cd66  4c 6d cd JMP $cd6d = ea                  A:00 X:34 Y:00 P:07 SP:fb
cd6d  ea       NOP                             A:00 X:34 Y:00 P:07 SP:fb
cd6e  a9 85    LDA #$85                        A:00 X:34 Y:00 P:07 SP:fb
cd70  a2 34    LDX #$34                        A:85 X:34 Y:00 P:85 SP:fb
cd72  a0 99    LDY #$99                        A:85 X:34 Y:00 P:05 SP:fb
cd74  18       CLC                             A:85 X:34 Y:99 P:85 SP:fb
cd75  24 01    BIT $01 = ff                    A:85 X:34 Y:99 P:84 SP:fb
cd77  8a       TXA                             A:85 X:34 Y:99 P:c4 SP:fb
cd78  f0 2e    BEQ $cda8                       A:34 X:34 Y:99 P:44 SP:fb
cd7a  b0 2c    BCS $cda8                       A:34 X:34 Y:99 P:44 SP:fb
cd7c  50 2a    BVC $cda8                       A:34 X:34 Y:99 P:44 SP:fb
cd7e  30 28    BMI $cda8                       A:34 X:34 Y:99 P:44 SP:fb
cd80  c9 34    CMP #$34                        A:34 X:34 Y:99 P:44 SP:fb
cd82  d0 24    BNE $cda8                       A:34 X:34 Y:99 P:47 SP:fb
cd84  e0 34    CPX #$34                        A:34 X:34 Y:99 P:47 SP:fb
cd86  d0 20    BNE $cda8                       A:34 X:34 Y:99 P:47 SP:fb
cd88  c0 99    CPY #$99                        A:34 X:34 Y:99 P:47 SP:fb
cd8a  d0 1c    BNE $cda8                       A:34 X:34 Y:99 P:47 SP:fb
cd8c  a2 00    LDX #$00                        A:34 X:34 Y:99 P:47 SP:fb
cd8e  38       SEC                             A:34 X:00 Y:99 P:47 SP:fb
cd8f  b8       CLV                             A:34 X:00 Y:99 P:47 SP:fb
cd90  8a       TXA                             A:34 X:00 Y:99 P:07 SP:fb
cd91  d0 15    BNE $cda8                       A:00 X:00 Y:99 P:07 SP:fb
cd93  90 13    BCC $cda8                       A:00 X:00 Y:99 P:07 SP:fb
cd95  70 11    BVS $cda8                       A:00 X:00 Y:99 P:07 SP:fb
cd97  30 0f    BMI $cda8                       A:00 X:00 Y:99 P:07 SP:fb
cd99  c9 00    CMP #$00                        A:00 X:00 Y:99 P:07 SP:fb
cd9b  d0 0b    BNE $cda8                       A:00 X:00 Y:99 P:07 SP:fb
cd9d  e0 00    CPX #$00                        A:00 X:00 Y:99 P:07 SP:fb
cd9f  d0 07    BNE $cda8                       A:00 X:00 Y:99 P:07 SP:fb
cda1  c0 99    CPY #$99                        A:00 X:00 Y:99 P:07 SP:fb
cda3  d0 03    BNE $cda8                       A:00 X:00 Y:99 P:07 SP:fb
cda5  4c ac cd JMP $cdac = ea                  A:00 X:00 Y:99 P:07 SP:fb
cdac  ea       NOP                             A:00 X:00 Y:99 P:07 SP:fb
cdad  ba       TSX                             A:00 X:00 Y:99 P:07 SP:fb
